<?xml version="1.0" encoding="UTF-8"?>
<testsuite xmlns:xsi="http://www.w3.org/2001/XMLSchema-instance" xsi:noNamespaceSchemaLocation="https://maven.apache.org/surefire/maven-surefire-plugin/xsd/surefire-test-report.xsd" version="3.0.2" name="parkingService.ParkingServiceImplTest" time="1.25" tests="1" errors="0" skipped="0" failures="0">
  <properties>
    <property name="java.specification.version" value="17"/>
    <property name="test.url" value="http://localhost:8081"/>
    <property name="sun.jnu.encoding" value="UTF-8"/>
    <property name="io.quarkus.security.http.test-if-basic-auth-implicitly-required" value="true"/>
    <property name="java.class.path" value="/Users/adminpro/Projects/Parking-service/target/test-classes:/Users/adminpro/Projects/Parking-service/target/classes:/Users/adminpro/.m2/repository/io/quarkus/quarkus-hibernate-orm-panache/3.23.2/quarkus-hibernate-orm-panache-3.23.2.jar:/Users/adminpro/.m2/repository/io/quarkus/quarkus-hibernate-orm-panache-common/3.23.2/quarkus-hibernate-orm-panache-common-3.23.2.jar:/Users/adminpro/.m2/repository/io/quarkus/quarkus-panache-hibernate-common/3.23.2/quarkus-panache-hibernate-common-3.23.2.jar:/Users/adminpro/.m2/repository/io/quarkus/quarkus-panache-common/3.23.2/quarkus-panache-common-3.23.2.jar:/Users/adminpro/.m2/repository/io/quarkus/quarkus-smallrye-openapi/3.23.2/quarkus-smallrye-openapi-3.23.2.jar:/Users/adminpro/.m2/repository/io/smallrye/smallrye-open-api-core/4.0.10/smallrye-open-api-core-4.0.10.jar:/Users/adminpro/.m2/repository/org/eclipse/microprofile/openapi/microprofile-openapi-api/4.0.2/microprofile-openapi-api-4.0.2.jar:/Users/adminpro/.m2/repository/org/eclipse/microprofile/config/microprofile-config-api/3.1/microprofile-config-api-3.1.jar:/Users/adminpro/.m2/repository/io/smallrye/smallrye-open-api-model/4.0.10/smallrye-open-api-model-4.0.10.jar:/Users/adminpro/.m2/repository/com/fasterxml/jackson/core/jackson-core/2.18.3/jackson-core-2.18.3.jar:/Users/adminpro/.m2/repository/com/fasterxml/jackson/core/jackson-databind/2.18.3/jackson-databind-2.18.3.jar:/Users/adminpro/.m2/repository/com/fasterxml/jackson/core/jackson-annotations/2.18.3/jackson-annotations-2.18.3.jar:/Users/adminpro/.m2/repository/com/fasterxml/jackson/dataformat/jackson-dataformat-yaml/2.18.3/jackson-dataformat-yaml-2.18.3.jar:/Users/adminpro/.m2/repository/org/yaml/snakeyaml/2.4/snakeyaml-2.4.jar:/Users/adminpro/.m2/repository/io/smallrye/jandex/3.3.1/jandex-3.3.1.jar:/Users/adminpro/.m2/repository/io/smallrye/common/smallrye-common-classloader/2.12.0/smallrye-common-classloader-2.12.0.jar:/Users/adminpro/.m2/repository/org/jboss/logging/jboss-logging/3.6.1.Final/jboss-logging-3.6.1.Final.jar:/Users/adminpro/.m2/repository/io/quarkus/quarkus-core/3.23.2/quarkus-core-3.23.2.jar:/Users/adminpro/.m2/repository/jakarta/annotation/jakarta.annotation-api/3.0.0/jakarta.annotation-api-3.0.0.jar:/Users/adminpro/.m2/repository/jakarta/enterprise/jakarta.enterprise.cdi-api/4.1.0/jakarta.enterprise.cdi-api-4.1.0.jar:/Users/adminpro/.m2/repository/jakarta/enterprise/jakarta.enterprise.lang-model/4.1.0/jakarta.enterprise.lang-model-4.1.0.jar:/Users/adminpro/.m2/repository/jakarta/interceptor/jakarta.interceptor-api/2.2.0/jakarta.interceptor-api-2.2.0.jar:/Users/adminpro/.m2/repository/jakarta/inject/jakarta.inject-api/2.0.1/jakarta.inject-api-2.0.1.jar:/Users/adminpro/.m2/repository/io/smallrye/common/smallrye-common-os/2.12.0/smallrye-common-os-2.12.0.jar:/Users/adminpro/.m2/repository/io/quarkus/quarkus-ide-launcher/3.23.2/quarkus-ide-launcher-3.23.2.jar:/Users/adminpro/.m2/repository/io/quarkus/quarkus-development-mode-spi/3.23.2/quarkus-development-mode-spi-3.23.2.jar:/Users/adminpro/.m2/repository/io/smallrye/config/smallrye-config/3.13.0/smallrye-config-3.13.0.jar:/Users/adminpro/.m2/repository/io/smallrye/config/smallrye-config-core/3.13.0/smallrye-config-core-3.13.0.jar:/Users/adminpro/.m2/repository/io/smallrye/config/smallrye-config-common/3.13.0/smallrye-config-common-3.13.0.jar:/Users/adminpro/.m2/repository/org/jboss/logmanager/jboss-logmanager/3.1.2.Final/jboss-logmanager-3.1.2.Final.jar:/Users/adminpro/.m2/repository/io/smallrye/common/smallrye-common-constraint/2.12.0/smallrye-common-constraint-2.12.0.jar:/Users/adminpro/.m2/repository/io/smallrye/common/smallrye-common-cpu/2.12.0/smallrye-common-cpu-2.12.0.jar:/Users/adminpro/.m2/repository/io/smallrye/common/smallrye-common-expression/2.12.0/smallrye-common-expression-2.12.0.jar:/Users/adminpro/.m2/repository/io/smallrye/common/smallrye-common-net/2.12.0/smallrye-common-net-2.12.0.jar:/Users/adminpro/.m2/repository/io/smallrye/common/smallrye-common-ref/2.12.0/smallrye-common-ref-2.12.0.jar:/Users/adminpro/.m2/repository/jakarta/json/jakarta.json-api/2.1.3/jakarta.json-api-2.1.3.jar:/Users/adminpro/.m2/repository/org/jboss/threads/jboss-threads/3.9.1/jboss-threads-3.9.1.jar:/Users/adminpro/.m2/repository/io/smallrye/common/smallrye-common-annotation/2.12.0/smallrye-common-annotation-2.12.0.jar:/Users/adminpro/.m2/repository/io/smallrye/common/smallrye-common-function/2.12.0/smallrye-common-function-2.12.0.jar:/Users/adminpro/.m2/repository/org/slf4j/slf4j-api/2.0.6/slf4j-api-2.0.6.jar:/Users/adminpro/.m2/repository/org/jboss/slf4j/slf4j-jboss-logmanager/2.0.0.Final/slf4j-jboss-logmanager-2.0.0.Final.jar:/Users/adminpro/.m2/repository/org/wildfly/common/wildfly-common/2.0.1/wildfly-common-2.0.1.jar:/Users/adminpro/.m2/repository/io/quarkus/quarkus-bootstrap-runner/3.23.2/quarkus-bootstrap-runner-3.23.2.jar:/Users/adminpro/.m2/repository/io/quarkus/quarkus-fs-util/1.0.0/quarkus-fs-util-1.0.0.jar:/Users/adminpro/.m2/repository/io/quarkus/quarkus-vertx-http/3.23.2/quarkus-vertx-http-3.23.2.jar:/Users/adminpro/.m2/repository/io/quarkus/quarkus-security-runtime-spi/3.23.2/quarkus-security-runtime-spi-3.23.2.jar:/Users/adminpro/.m2/repository/io/quarkus/quarkus-tls-registry/3.23.2/quarkus-tls-registry-3.23.2.jar:/Users/adminpro/.m2/repository/io/quarkus/quarkus-tls-registry-spi/3.23.2/quarkus-tls-registry-spi-3.23.2.jar:/Users/adminpro/.m2/repository/io/smallrye/certs/smallrye-private-key-pem-parser/0.9.2/smallrye-private-key-pem-parser-0.9.2.jar:/Users/adminpro/.m2/repository/io/quarkus/quarkus-credentials/3.23.2/quarkus-credentials-3.23.2.jar:/Users/adminpro/.m2/repository/io/smallrye/common/smallrye-common-vertx-context/2.12.0/smallrye-common-vertx-context-2.12.0.jar:/Users/adminpro/.m2/repository/io/quarkus/security/quarkus-security/2.2.1/quarkus-security-2.2.1.jar:/Users/adminpro/.m2/repository/io/quarkus/quarkus-vertx/3.23.2/quarkus-vertx-3.23.2.jar:/Users/adminpro/.m2/repository/io/quarkus/quarkus-netty/3.23.2/quarkus-netty-3.23.2.jar:/Users/adminpro/.m2/repository/io/netty/netty-codec/4.1.121.Final/netty-codec-4.1.121.Final.jar:/Users/adminpro/.m2/repository/io/netty/netty-codec-haproxy/4.1.121.Final/netty-codec-haproxy-4.1.121.Final.jar:/Users/adminpro/.m2/repository/io/quarkus/quarkus-vertx-latebound-mdc-provider/3.23.2/quarkus-vertx-latebound-mdc-provider-3.23.2.jar:/Users/adminpro/.m2/repository/io/smallrye/smallrye-fault-tolerance-vertx/6.9.1/smallrye-fault-tolerance-vertx-6.9.1.jar:/Users/adminpro/.m2/repository/io/smallrye/reactive/smallrye-mutiny-vertx-web/3.19.0/smallrye-mutiny-vertx-web-3.19.0.jar:/Users/adminpro/.m2/repository/io/smallrye/reactive/smallrye-mutiny-vertx-web-common/3.19.0/smallrye-mutiny-vertx-web-common-3.19.0.jar:/Users/adminpro/.m2/repository/io/smallrye/reactive/smallrye-mutiny-vertx-auth-common/3.19.0/smallrye-mutiny-vertx-auth-common-3.19.0.jar:/Users/adminpro/.m2/repository/io/smallrye/reactive/smallrye-mutiny-vertx-bridge-common/3.19.0/smallrye-mutiny-vertx-bridge-common-3.19.0.jar:/Users/adminpro/.m2/repository/io/smallrye/reactive/smallrye-mutiny-vertx-uri-template/3.19.0/smallrye-mutiny-vertx-uri-template-3.19.0.jar:/Users/adminpro/.m2/repository/io/vertx/vertx-uri-template/4.5.14/vertx-uri-template-4.5.14.jar:/Users/adminpro/.m2/repository/io/vertx/vertx-web/4.5.14/vertx-web-4.5.14.jar:/Users/adminpro/.m2/repository/io/vertx/vertx-web-common/4.5.14/vertx-web-common-4.5.14.jar:/Users/adminpro/.m2/repository/io/vertx/vertx-auth-common/4.5.14/vertx-auth-common-4.5.14.jar:/Users/adminpro/.m2/repository/io/vertx/vertx-bridge-common/4.5.14/vertx-bridge-common-4.5.14.jar:/Users/adminpro/.m2/repository/io/github/crac/org-crac/0.1.3/org-crac-0.1.3.jar:/Users/adminpro/.m2/repository/com/aayushatharva/brotli4j/brotli4j/1.16.0/brotli4j-1.16.0.jar:/Users/adminpro/.m2/repository/com/aayushatharva/brotli4j/service/1.16.0/service-1.16.0.jar:/Users/adminpro/.m2/repository/com/aayushatharva/brotli4j/native-osx-aarch64/1.16.0/native-osx-aarch64-1.16.0.jar:/Users/adminpro/.m2/repository/io/quarkus/quarkus-swagger-ui/3.23.2/quarkus-swagger-ui-3.23.2.jar:/Users/adminpro/.m2/repository/io/quarkus/quarkus-jdbc-postgresql/3.23.2/quarkus-jdbc-postgresql-3.23.2.jar:/Users/adminpro/.m2/repository/io/quarkus/quarkus-agroal/3.23.2/quarkus-agroal-3.23.2.jar:/Users/adminpro/.m2/repository/io/quarkus/quarkus-datasource/3.23.2/quarkus-datasource-3.23.2.jar:/Users/adminpro/.m2/repository/io/agroal/agroal-api/2.7.1/agroal-api-2.7.1.jar:/Users/adminpro/.m2/repository/io/agroal/agroal-narayana/2.7.1/agroal-narayana-2.7.1.jar:/Users/adminpro/.m2/repository/org/jboss/jboss-transaction-spi/8.0.0.Final/jboss-transaction-spi-8.0.0.Final.jar:/Users/adminpro/.m2/repository/io/agroal/agroal-pool/2.7.1/agroal-pool-2.7.1.jar:/Users/adminpro/.m2/repository/org/postgresql/postgresql/42.7.6/postgresql-42.7.6.jar:/Users/adminpro/.m2/repository/io/quarkus/quarkus-rest-jackson/3.23.2/quarkus-rest-jackson-3.23.2.jar:/Users/adminpro/.m2/repository/io/quarkus/quarkus-rest-jackson-common/3.23.2/quarkus-rest-jackson-common-3.23.2.jar:/Users/adminpro/.m2/repository/io/quarkus/resteasy/reactive/resteasy-reactive-jackson/3.23.2/resteasy-reactive-jackson-3.23.2.jar:/Users/adminpro/.m2/repository/io/quarkus/quarkus-jackson/3.23.2/quarkus-jackson-3.23.2.jar:/Users/adminpro/.m2/repository/com/fasterxml/jackson/datatype/jackson-datatype-jsr310/2.18.3/jackson-datatype-jsr310-2.18.3.jar:/Users/adminpro/.m2/repository/com/fasterxml/jackson/datatype/jackson-datatype-jdk8/2.18.3/jackson-datatype-jdk8-2.18.3.jar:/Users/adminpro/.m2/repository/com/fasterxml/jackson/module/jackson-module-parameter-names/2.18.3/jackson-module-parameter-names-2.18.3.jar:/Users/adminpro/.m2/repository/io/quarkus/quarkus-arc/3.23.2/quarkus-arc-3.23.2.jar:/Users/adminpro/.m2/repository/io/quarkus/arc/arc/3.23.2/arc-3.23.2.jar:/Users/adminpro/.m2/repository/io/smallrye/reactive/mutiny/2.9.0/mutiny-2.9.0.jar:/Users/adminpro/.m2/repository/org/jctools/jctools-core/4.0.5/jctools-core-4.0.5.jar:/Users/adminpro/.m2/repository/org/eclipse/microprofile/context-propagation/microprofile-context-propagation-api/1.3/microprofile-context-propagation-api-1.3.jar:/Users/adminpro/.m2/repository/io/quarkus/quarkus-hibernate-orm/3.23.2/quarkus-hibernate-orm-3.23.2.jar:/Users/adminpro/.m2/repository/io/quarkus/quarkus-narayana-jta/3.23.2/quarkus-narayana-jta-3.23.2.jar:/Users/adminpro/.m2/repository/io/quarkus/quarkus-transaction-annotations/3.23.2/quarkus-transaction-annotations-3.23.2.jar:/Users/adminpro/.m2/repository/io/quarkus/quarkus-datasource-common/3.23.2/quarkus-datasource-common-3.23.2.jar:/Users/adminpro/.m2/repository/io/smallrye/smallrye-context-propagation-jta/2.2.1/smallrye-context-propagation-jta-2.2.1.jar:/Users/adminpro/.m2/repository/io/smallrye/reactive/smallrye-reactive-converter-api/3.0.3/smallrye-reactive-converter-api-3.0.3.jar:/Users/adminpro/.m2/repository/org/reactivestreams/reactive-streams/1.0.4/reactive-streams-1.0.4.jar:/Users/adminpro/.m2/repository/io/smallrye/reactive/smallrye-reactive-converter-mutiny/3.0.3/smallrye-reactive-converter-mutiny-3.0.3.jar:/Users/adminpro/.m2/repository/io/smallrye/reactive/mutiny-zero-flow-adapters/1.1.1/mutiny-zero-flow-adapters-1.1.1.jar:/Users/adminpro/.m2/repository/org/jboss/narayana/jta/narayana-jta/7.2.2.Final/narayana-jta-7.2.2.Final.jar:/Users/adminpro/.m2/repository/jakarta/resource/jakarta.resource-api/2.1.0/jakarta.resource-api-2.1.0.jar:/Users/adminpro/.m2/repository/org/jboss/invocation/jboss-invocation/2.0.0.Final/jboss-invocation-2.0.0.Final.jar:/Users/adminpro/.m2/repository/org/eclipse/microprofile/reactive-streams-operators/microprofile-reactive-streams-operators-api/3.0.1/microprofile-reactive-streams-operators-api-3.0.1.jar:/Users/adminpro/.m2/repository/org/jboss/narayana/jts/narayana-jts-integration/7.2.2.Final/narayana-jts-integration-7.2.2.Final.jar:/Users/adminpro/.m2/repository/org/hibernate/orm/hibernate-core/6.6.17.Final/hibernate-core-6.6.17.Final.jar:/Users/adminpro/.m2/repository/com/fasterxml/classmate/1.7.0/classmate-1.7.0.jar:/Users/adminpro/.m2/repository/org/antlr/antlr4-runtime/4.13.0/antlr4-runtime-4.13.0.jar:/Users/adminpro/.m2/repository/net/bytebuddy/byte-buddy/1.15.11/byte-buddy-1.15.11.jar:/Users/adminpro/.m2/repository/org/hibernate/common/hibernate-commons-annotations/7.0.3.Final/hibernate-commons-annotations-7.0.3.Final.jar:/Users/adminpro/.m2/repository/org/hibernate/orm/hibernate-graalvm/6.6.17.Final/hibernate-graalvm-6.6.17.Final.jar:/Users/adminpro/.m2/repository/org/glassfish/jaxb/jaxb-runtime/4.0.5/jaxb-runtime-4.0.5.jar:/Users/adminpro/.m2/repository/org/glassfish/jaxb/jaxb-core/4.0.5/jaxb-core-4.0.5.jar:/Users/adminpro/.m2/repository/org/eclipse/angus/angus-activation/2.0.2/angus-activation-2.0.2.jar:/Users/adminpro/.m2/repository/org/glassfish/jaxb/txw2/4.0.5/txw2-4.0.5.jar:/Users/adminpro/.m2/repository/com/sun/istack/istack-commons-runtime/4.1.2/istack-commons-runtime-4.1.2.jar:/Users/adminpro/.m2/repository/jakarta/xml/bind/jakarta.xml.bind-api/4.0.2/jakarta.xml.bind-api-4.0.2.jar:/Users/adminpro/.m2/repository/jakarta/activation/jakarta.activation-api/2.1.3/jakarta.activation-api-2.1.3.jar:/Users/adminpro/.m2/repository/jakarta/persistence/jakarta.persistence-api/3.1.0/jakarta.persistence-api-3.1.0.jar:/Users/adminpro/.m2/repository/jakarta/transaction/jakarta.transaction-api/2.0.1/jakarta.transaction-api-2.0.1.jar:/Users/adminpro/.m2/repository/org/hibernate/quarkus-local-cache/0.3.1/quarkus-local-cache-0.3.1.jar:/Users/adminpro/.m2/repository/io/quarkus/quarkus-caffeine/3.23.2/quarkus-caffeine-3.23.2.jar:/Users/adminpro/.m2/repository/com/github/ben-manes/caffeine/caffeine/3.2.0/caffeine-3.2.0.jar:/Users/adminpro/.m2/repository/org/jspecify/jspecify/1.0.0/jspecify-1.0.0.jar:/Users/adminpro/.m2/repository/com/google/errorprone/error_prone_annotations/2.37.0/error_prone_annotations-2.37.0.jar:/Users/adminpro/.m2/repository/io/quarkus/quarkus-rest/3.23.2/quarkus-rest-3.23.2.jar:/Users/adminpro/.m2/repository/io/quarkus/quarkus-rest-common/3.23.2/quarkus-rest-common-3.23.2.jar:/Users/adminpro/.m2/repository/io/quarkus/resteasy/reactive/resteasy-reactive-common/3.23.2/resteasy-reactive-common-3.23.2.jar:/Users/adminpro/.m2/repository/io/quarkus/resteasy/reactive/resteasy-reactive-common-types/3.23.2/resteasy-reactive-common-types-3.23.2.jar:/Users/adminpro/.m2/repository/io/quarkus/resteasy/reactive/resteasy-reactive-vertx/3.23.2/resteasy-reactive-vertx-3.23.2.jar:/Users/adminpro/.m2/repository/io/smallrye/reactive/smallrye-mutiny-vertx-core/3.19.0/smallrye-mutiny-vertx-core-3.19.0.jar:/Users/adminpro/.m2/repository/io/smallrye/reactive/smallrye-mutiny-vertx-runtime/3.19.0/smallrye-mutiny-vertx-runtime-3.19.0.jar:/Users/adminpro/.m2/repository/io/smallrye/reactive/vertx-mutiny-generator/3.19.0/vertx-mutiny-generator-3.19.0.jar:/Users/adminpro/.m2/repository/io/vertx/vertx-codegen/4.5.14/vertx-codegen-4.5.14.jar:/Users/adminpro/.m2/repository/io/quarkus/resteasy/reactive/resteasy-reactive/3.23.2/resteasy-reactive-3.23.2.jar:/Users/adminpro/.m2/repository/io/quarkus/vertx/utils/quarkus-vertx-utils/3.23.2/quarkus-vertx-utils-3.23.2.jar:/Users/adminpro/.m2/repository/org/jboss/logging/commons-logging-jboss-logging/1.0.0.Final/commons-logging-jboss-logging-1.0.0.Final.jar:/Users/adminpro/.m2/repository/io/quarkus/quarkus-jsonp/3.23.2/quarkus-jsonp-3.23.2.jar:/Users/adminpro/.m2/repository/org/eclipse/parsson/parsson/1.1.7/parsson-1.1.7.jar:/Users/adminpro/.m2/repository/io/quarkus/quarkus-virtual-threads/3.23.2/quarkus-virtual-threads-3.23.2.jar:/Users/adminpro/.m2/repository/io/vertx/vertx-core/4.5.14/vertx-core-4.5.14.jar:/Users/adminpro/.m2/repository/io/netty/netty-common/4.1.121.Final/netty-common-4.1.121.Final.jar:/Users/adminpro/.m2/repository/io/netty/netty-buffer/4.1.121.Final/netty-buffer-4.1.121.Final.jar:/Users/adminpro/.m2/repository/io/netty/netty-transport/4.1.121.Final/netty-transport-4.1.121.Final.jar:/Users/adminpro/.m2/repository/io/netty/netty-handler/4.1.121.Final/netty-handler-4.1.121.Final.jar:/Users/adminpro/.m2/repository/io/netty/netty-transport-native-unix-common/4.1.121.Final/netty-transport-native-unix-common-4.1.121.Final.jar:/Users/adminpro/.m2/repository/io/netty/netty-handler-proxy/4.1.121.Final/netty-handler-proxy-4.1.121.Final.jar:/Users/adminpro/.m2/repository/io/netty/netty-codec-socks/4.1.121.Final/netty-codec-socks-4.1.121.Final.jar:/Users/adminpro/.m2/repository/io/netty/netty-codec-http/4.1.121.Final/netty-codec-http-4.1.121.Final.jar:/Users/adminpro/.m2/repository/io/netty/netty-codec-http2/4.1.121.Final/netty-codec-http2-4.1.121.Final.jar:/Users/adminpro/.m2/repository/io/netty/netty-resolver/4.1.121.Final/netty-resolver-4.1.121.Final.jar:/Users/adminpro/.m2/repository/io/netty/netty-resolver-dns/4.1.121.Final/netty-resolver-dns-4.1.121.Final.jar:/Users/adminpro/.m2/repository/io/netty/netty-codec-dns/4.1.121.Final/netty-codec-dns-4.1.121.Final.jar:/Users/adminpro/.m2/repository/io/quarkus/quarkus-junit5/3.23.2/quarkus-junit5-3.23.2.jar:/Users/adminpro/.m2/repository/io/quarkus/quarkus-bootstrap-core/3.23.2/quarkus-bootstrap-core-3.23.2.jar:/Users/adminpro/.m2/repository/io/quarkus/quarkus-classloader-commons/3.23.2/quarkus-classloader-commons-3.23.2.jar:/Users/adminpro/.m2/repository/io/quarkus/quarkus-bootstrap-app-model/3.23.2/quarkus-bootstrap-app-model-3.23.2.jar:/Users/adminpro/.m2/repository/io/smallrye/common/smallrye-common-io/2.12.0/smallrye-common-io-2.12.0.jar:/Users/adminpro/.m2/repository/org/eclipse/sisu/org.eclipse.sisu.inject/0.9.0.M4/org.eclipse.sisu.inject-0.9.0.M4.jar:/Users/adminpro/.m2/repository/org/ow2/asm/asm/9.8/asm-9.8.jar:/Users/adminpro/.m2/repository/io/quarkus/quarkus-test-common/3.23.2/quarkus-test-common-3.23.2.jar:/Users/adminpro/.m2/repository/io/quarkus/quarkus-core-deployment/3.23.2/quarkus-core-deployment-3.23.2.jar:/Users/adminpro/.m2/repository/org/aesh/readline/2.6/readline-2.6.jar:/Users/adminpro/.m2/repository/org/fusesource/jansi/jansi/2.4.0/jansi-2.4.0.jar:/Users/adminpro/.m2/repository/org/aesh/aesh/2.8.2/aesh-2.8.2.jar:/Users/adminpro/.m2/repository/io/quarkus/gizmo/gizmo/1.9.0/gizmo-1.9.0.jar:/Users/adminpro/.m2/repository/org/ow2/asm/asm-util/9.8/asm-util-9.8.jar:/Users/adminpro/.m2/repository/org/ow2/asm/asm-analysis/9.8/asm-analysis-9.8.jar:/Users/adminpro/.m2/repository/org/ow2/asm/asm-commons/9.8/asm-commons-9.8.jar:/Users/adminpro/.m2/repository/org/ow2/asm/asm-tree/9.8/asm-tree-9.8.jar:/Users/adminpro/.m2/repository/io/quarkus/quarkus-hibernate-validator-spi/3.23.2/quarkus-hibernate-validator-spi-3.23.2.jar:/Users/adminpro/.m2/repository/io/quarkus/quarkus-class-change-agent/3.23.2/quarkus-class-change-agent-3.23.2.jar:/Users/adminpro/.m2/repository/io/quarkus/quarkus-devtools-utilities/3.23.2/quarkus-devtools-utilities-3.23.2.jar:/Users/adminpro/.m2/repository/io/quarkus/quarkus-builder/3.23.2/quarkus-builder-3.23.2.jar:/Users/adminpro/.m2/repository/org/graalvm/sdk/nativeimage/23.1.2/nativeimage-23.1.2.jar:/Users/adminpro/.m2/repository/org/graalvm/sdk/word/23.1.2/word-23.1.2.jar:/Users/adminpro/.m2/repository/org/junit/platform/junit-platform-launcher/1.12.2/junit-platform-launcher-1.12.2.jar:/Users/adminpro/.m2/repository/io/quarkus/quarkus-bootstrap-maven-resolver/3.23.2/quarkus-bootstrap-maven-resolver-3.23.2.jar:/Users/adminpro/.m2/repository/io/smallrye/beanbag/smallrye-beanbag-maven/1.5.3/smallrye-beanbag-maven-1.5.3.jar:/Users/adminpro/.m2/repository/io/smallrye/beanbag/smallrye-beanbag-sisu/1.5.3/smallrye-beanbag-sisu-1.5.3.jar:/Users/adminpro/.m2/repository/io/smallrye/beanbag/smallrye-beanbag/1.5.3/smallrye-beanbag-1.5.3.jar:/Users/adminpro/.m2/repository/javax/inject/javax.inject/1/javax.inject-1.jar:/Users/adminpro/.m2/repository/org/apache/maven/maven-artifact/3.9.9/maven-artifact-3.9.9.jar:/Users/adminpro/.m2/repository/org/apache/maven/maven-builder-support/3.9.9/maven-builder-support-3.9.9.jar:/Users/adminpro/.m2/repository/org/apache/maven/maven-model/3.9.9/maven-model-3.9.9.jar:/Users/adminpro/.m2/repository/org/apache/maven/maven-model-builder/3.9.9/maven-model-builder-3.9.9.jar:/Users/adminpro/.m2/repository/org/apache/maven/maven-repository-metadata/3.9.9/maven-repository-metadata-3.9.9.jar:/Users/adminpro/.m2/repository/org/apache/maven/maven-settings/3.9.9/maven-settings-3.9.9.jar:/Users/adminpro/.m2/repository/org/apache/maven/resolver/maven-resolver-api/1.9.22/maven-resolver-api-1.9.22.jar:/Users/adminpro/.m2/repository/org/apache/maven/resolver/maven-resolver-impl/1.9.22/maven-resolver-impl-1.9.22.jar:/Users/adminpro/.m2/repository/org/apache/maven/resolver/maven-resolver-named-locks/1.9.22/maven-resolver-named-locks-1.9.22.jar:/Users/adminpro/.m2/repository/org/apache/maven/resolver/maven-resolver-spi/1.9.22/maven-resolver-spi-1.9.22.jar:/Users/adminpro/.m2/repository/org/apache/maven/resolver/maven-resolver-util/1.9.22/maven-resolver-util-1.9.22.jar:/Users/adminpro/.m2/repository/org/apache/maven/resolver/maven-resolver-transport-http/1.9.23/maven-resolver-transport-http-1.9.23.jar:/Users/adminpro/.m2/repository/org/apache/maven/wagon/wagon-provider-api/3.5.3/wagon-provider-api-3.5.3.jar:/Users/adminpro/.m2/repository/org/apache/maven/wagon/wagon-http-shared/3.5.3/wagon-http-shared-3.5.3.jar:/Users/adminpro/.m2/repository/org/codehaus/plexus/plexus-interpolation/1.26/plexus-interpolation-1.26.jar:/Users/adminpro/.m2/repository/org/codehaus/plexus/plexus-utils/3.5.1/plexus-utils-3.5.1.jar:/Users/adminpro/.m2/repository/org/codehaus/plexus/plexus-xml/4.0.2/plexus-xml-4.0.2.jar:/Users/adminpro/.m2/repository/org/apache/maven/maven-xml-impl/4.0.0-alpha-7/maven-xml-impl-4.0.0-alpha-7.jar:/Users/adminpro/.m2/repository/org/apache/maven/maven-api-xml/4.0.0-alpha-7/maven-api-xml-4.0.0-alpha-7.jar:/Users/adminpro/.m2/repository/org/apache/maven/maven-api-meta/4.0.0-alpha-7/maven-api-meta-4.0.0-alpha-7.jar:/Users/adminpro/.m2/repository/org/codehaus/plexus/plexus-cipher/2.0/plexus-cipher-2.0.jar:/Users/adminpro/.m2/repository/org/codehaus/plexus/plexus-sec-dispatcher/2.0/plexus-sec-dispatcher-2.0.jar:/Users/adminpro/.m2/repository/org/apache/maven/maven-embedder/3.9.9/maven-embedder-3.9.9.jar:/Users/adminpro/.m2/repository/org/apache/maven/maven-core/3.9.9/maven-core-3.9.9.jar:/Users/adminpro/.m2/repository/org/codehaus/plexus/plexus-component-annotations/2.1.0/plexus-component-annotations-2.1.0.jar:/Users/adminpro/.m2/repository/org/apache/maven/maven-plugin-api/3.9.9/maven-plugin-api-3.9.9.jar:/Users/adminpro/.m2/repository/org/apache/maven/shared/maven-shared-utils/3.4.2/maven-shared-utils-3.4.2.jar:/Users/adminpro/.m2/repository/com/google/inject/guice/5.1.0/guice-5.1.0.jar:/Users/adminpro/.m2/repository/aopalliance/aopalliance/1.0/aopalliance-1.0.jar:/Users/adminpro/.m2/repository/com/google/guava/guava/33.4.8-jre/guava-33.4.8-jre.jar:/Users/adminpro/.m2/repository/com/google/guava/failureaccess/1.0.1/failureaccess-1.0.1.jar:/Users/adminpro/.m2/repository/javax/annotation/javax.annotation-api/1.3.2/javax.annotation-api-1.3.2.jar:/Users/adminpro/.m2/repository/org/codehaus/plexus/plexus-classworlds/2.6.0/plexus-classworlds-2.6.0.jar:/Users/adminpro/.m2/repository/commons-cli/commons-cli/1.8.0/commons-cli-1.8.0.jar:/Users/adminpro/.m2/repository/org/eclipse/sisu/org.eclipse.sisu.plexus/0.9.0.M4/org.eclipse.sisu.plexus-0.9.0.M4.jar:/Users/adminpro/.m2/repository/org/apache/maven/maven-settings-builder/3.9.9/maven-settings-builder-3.9.9.jar:/Users/adminpro/.m2/repository/org/apache/maven/maven-resolver-provider/3.9.9/maven-resolver-provider-3.9.9.jar:/Users/adminpro/.m2/repository/org/apache/maven/resolver/maven-resolver-connector-basic/1.9.22/maven-resolver-connector-basic-1.9.22.jar:/Users/adminpro/.m2/repository/org/apache/maven/resolver/maven-resolver-transport-wagon/1.9.22/maven-resolver-transport-wagon-1.9.22.jar:/Users/adminpro/.m2/repository/org/apache/maven/wagon/wagon-http/3.5.3/wagon-http-3.5.3.jar:/Users/adminpro/.m2/repository/org/apache/maven/wagon/wagon-file/3.5.3/wagon-file-3.5.3.jar:/Users/adminpro/.m2/repository/io/quarkus/quarkus-bootstrap-gradle-resolver/3.23.2/quarkus-bootstrap-gradle-resolver-3.23.2.jar:/Users/adminpro/.m2/repository/commons-io/commons-io/2.19.0/commons-io-2.19.0.jar:/Users/adminpro/.m2/repository/io/quarkus/quarkus-junit5-config/3.23.2/quarkus-junit5-config-3.23.2.jar:/Users/adminpro/.m2/repository/org/junit/jupiter/junit-jupiter-api/5.12.2/junit-jupiter-api-5.12.2.jar:/Users/adminpro/.m2/repository/org/opentest4j/opentest4j/1.3.0/opentest4j-1.3.0.jar:/Users/adminpro/.m2/repository/org/junit/platform/junit-platform-commons/1.12.2/junit-platform-commons-1.12.2.jar:/Users/adminpro/.m2/repository/org/apiguardian/apiguardian-api/1.1.2/apiguardian-api-1.1.2.jar:/Users/adminpro/.m2/repository/org/junit/jupiter/junit-jupiter/5.12.2/junit-jupiter-5.12.2.jar:/Users/adminpro/.m2/repository/org/junit/jupiter/junit-jupiter-params/5.12.2/junit-jupiter-params-5.12.2.jar:/Users/adminpro/.m2/repository/org/junit/jupiter/junit-jupiter-engine/5.12.2/junit-jupiter-engine-5.12.2.jar:/Users/adminpro/.m2/repository/org/junit/platform/junit-platform-engine/1.12.2/junit-platform-engine-1.12.2.jar:/Users/adminpro/.m2/repository/io/rest-assured/rest-assured/5.5.5/rest-assured-5.5.5.jar:/Users/adminpro/.m2/repository/org/apache/groovy/groovy/4.0.22/groovy-4.0.22.jar:/Users/adminpro/.m2/repository/org/apache/groovy/groovy-xml/4.0.22/groovy-xml-4.0.22.jar:/Users/adminpro/.m2/repository/org/apache/httpcomponents/httpclient/4.5.14/httpclient-4.5.14.jar:/Users/adminpro/.m2/repository/org/apache/httpcomponents/httpcore/4.4.16/httpcore-4.4.16.jar:/Users/adminpro/.m2/repository/commons-codec/commons-codec/1.18.0/commons-codec-1.18.0.jar:/Users/adminpro/.m2/repository/org/apache/httpcomponents/httpmime/4.5.14/httpmime-4.5.14.jar:/Users/adminpro/.m2/repository/org/hamcrest/hamcrest/2.2/hamcrest-2.2.jar:/Users/adminpro/.m2/repository/org/ccil/cowan/tagsoup/tagsoup/1.2.1/tagsoup-1.2.1.jar:/Users/adminpro/.m2/repository/io/rest-assured/json-path/5.5.5/json-path-5.5.5.jar:/Users/adminpro/.m2/repository/org/apache/groovy/groovy-json/4.0.22/groovy-json-4.0.22.jar:/Users/adminpro/.m2/repository/io/rest-assured/rest-assured-common/5.5.5/rest-assured-common-5.5.5.jar:/Users/adminpro/.m2/repository/io/rest-assured/xml-path/5.5.5/xml-path-5.5.5.jar:/Users/adminpro/.m2/repository/org/apache/commons/commons-lang3/3.17.0/commons-lang3-3.17.0.jar:/Users/adminpro/.m2/repository/org/projectlombok/lombok/1.18.30/lombok-1.18.30.jar:/Users/adminpro/.m2/repository/io/quarkus/quarkus-junit5-mockito/3.23.2/quarkus-junit5-mockito-3.23.2.jar:/Users/adminpro/.m2/repository/org/mockito/mockito-junit-jupiter/5.17.0/mockito-junit-jupiter-5.17.0.jar:/Users/adminpro/.m2/repository/io/quarkus/quarkus-junit5-mockito-config/3.23.2/quarkus-junit5-mockito-config-3.23.2.jar:/Users/adminpro/.m2/repository/io/quarkus/quarkus-arc-deployment/3.23.2/quarkus-arc-deployment-3.23.2.jar:/Users/adminpro/.m2/repository/io/quarkus/quarkus-smallrye-context-propagation-spi/3.23.2/quarkus-smallrye-context-propagation-spi-3.23.2.jar:/Users/adminpro/.m2/repository/io/quarkus/quarkus-vertx-http-dev-ui-spi/3.23.2/quarkus-vertx-http-dev-ui-spi-3.23.2.jar:/Users/adminpro/.m2/repository/io/quarkus/quarkus-arc-dev/3.23.2/quarkus-arc-dev-3.23.2.jar:/Users/adminpro/.m2/repository/io/quarkus/arc/arc-processor/3.23.2/arc-processor-3.23.2.jar:/Users/adminpro/.m2/repository/io/quarkus/quarkus-mutiny/3.23.2/quarkus-mutiny-3.23.2.jar:/Users/adminpro/.m2/repository/io/quarkus/quarkus-smallrye-context-propagation/3.23.2/quarkus-smallrye-context-propagation-3.23.2.jar:/Users/adminpro/.m2/repository/io/smallrye/smallrye-context-propagation/2.2.1/smallrye-context-propagation-2.2.1.jar:/Users/adminpro/.m2/repository/io/smallrye/smallrye-context-propagation-api/2.2.1/smallrye-context-propagation-api-2.2.1.jar:/Users/adminpro/.m2/repository/io/smallrye/smallrye-context-propagation-storage/2.2.1/smallrye-context-propagation-storage-2.2.1.jar:/Users/adminpro/.m2/repository/io/smallrye/reactive/mutiny-smallrye-context-propagation/2.9.0/mutiny-smallrye-context-propagation-2.9.0.jar:/Users/adminpro/.m2/repository/org/mockito/mockito-core/5.11.0/mockito-core-5.11.0.jar:/Users/adminpro/.m2/repository/net/bytebuddy/byte-buddy-agent/1.14.12/byte-buddy-agent-1.14.12.jar:/Users/adminpro/.m2/repository/org/objenesis/objenesis/3.3/objenesis-3.3.jar:/Users/adminpro/.m2/repository/io/quarkus/quarkus-jdbc-h2/3.23.2/quarkus-jdbc-h2-3.23.2.jar:/Users/adminpro/.m2/repository/com/h2database/h2/2.3.230/h2-2.3.230.jar:/Users/adminpro/.m2/repository/org/locationtech/jts/jts-core/1.19.0/jts-core-1.19.0.jar:/Users/adminpro/.m2/repository/io/quarkus/quarkus-hibernate-validator/3.23.2/quarkus-hibernate-validator-3.23.2.jar:/Users/adminpro/.m2/repository/org/hibernate/validator/hibernate-validator/8.0.2.Final/hibernate-validator-8.0.2.Final.jar:/Users/adminpro/.m2/repository/jakarta/validation/jakarta.validation-api/3.0.2/jakarta.validation-api-3.0.2.jar:/Users/adminpro/.m2/repository/org/glassfish/expressly/expressly/5.0.0/expressly-5.0.0.jar:/Users/adminpro/.m2/repository/jakarta/el/jakarta.el-api/5.0.1/jakarta.el-api-5.0.1.jar:/Users/adminpro/.m2/repository/io/smallrye/config/smallrye-config-validator/3.13.0/smallrye-config-validator-3.13.0.jar:/Users/adminpro/.m2/repository/jakarta/ws/rs/jakarta.ws.rs-api/3.1.0/jakarta.ws.rs-api-3.1.0.jar:"/>
    <property name="java.vm.vendor" value="Oracle Corporation"/>
    <property name="sun.arch.data.model" value="64"/>
    <property name="java.vendor.url" value="https://java.oracle.com/"/>
    <property name="user.timezone" value="Europe/Moscow"/>
    <property name="logging.initial-configurator.min-level" value="500"/>
    <property name="os.name" value="Mac OS X"/>
    <property name="java.vm.specification.version" value="17"/>
    <property name="sun.java.launcher" value="SUN_STANDARD"/>
    <property name="user.country" value="RU"/>
    <property name="groovy.use.classvalue" value="false"/>
    <property name="sun.boot.library.path" value="/Library/Java/JavaVirtualMachines/jdk-17.jdk/Contents/Home/lib"/>
    <property name="sun.java.command" value="/Users/adminpro/Projects/Parking-service/target/surefire/surefirebooter-20250608223625787_3.jar /Users/adminpro/Projects/Parking-service/target/surefire 2025-06-08T22-36-25_755-jvmRun1 surefire-20250608223625787_1tmp surefire_0-20250608223625787_2tmp"/>
    <property name="http.nonProxyHosts" value="local|*.local|169.254/16|*.169.254/16"/>
    <property name="jdk.debug" value="release"/>
    <property name="maven.home" value="/Users/adminpro/.m2/wrapper/dists/apache-maven-3.9.9-bin/33b4b2b4/apache-maven-3.9.9"/>
    <property name="surefire.test.class.path" value="/Users/adminpro/Projects/Parking-service/target/test-classes:/Users/adminpro/Projects/Parking-service/target/classes:/Users/adminpro/.m2/repository/io/quarkus/quarkus-hibernate-orm-panache/3.23.2/quarkus-hibernate-orm-panache-3.23.2.jar:/Users/adminpro/.m2/repository/io/quarkus/quarkus-hibernate-orm-panache-common/3.23.2/quarkus-hibernate-orm-panache-common-3.23.2.jar:/Users/adminpro/.m2/repository/io/quarkus/quarkus-panache-hibernate-common/3.23.2/quarkus-panache-hibernate-common-3.23.2.jar:/Users/adminpro/.m2/repository/io/quarkus/quarkus-panache-common/3.23.2/quarkus-panache-common-3.23.2.jar:/Users/adminpro/.m2/repository/io/quarkus/quarkus-smallrye-openapi/3.23.2/quarkus-smallrye-openapi-3.23.2.jar:/Users/adminpro/.m2/repository/io/smallrye/smallrye-open-api-core/4.0.10/smallrye-open-api-core-4.0.10.jar:/Users/adminpro/.m2/repository/org/eclipse/microprofile/openapi/microprofile-openapi-api/4.0.2/microprofile-openapi-api-4.0.2.jar:/Users/adminpro/.m2/repository/org/eclipse/microprofile/config/microprofile-config-api/3.1/microprofile-config-api-3.1.jar:/Users/adminpro/.m2/repository/io/smallrye/smallrye-open-api-model/4.0.10/smallrye-open-api-model-4.0.10.jar:/Users/adminpro/.m2/repository/com/fasterxml/jackson/core/jackson-core/2.18.3/jackson-core-2.18.3.jar:/Users/adminpro/.m2/repository/com/fasterxml/jackson/core/jackson-databind/2.18.3/jackson-databind-2.18.3.jar:/Users/adminpro/.m2/repository/com/fasterxml/jackson/core/jackson-annotations/2.18.3/jackson-annotations-2.18.3.jar:/Users/adminpro/.m2/repository/com/fasterxml/jackson/dataformat/jackson-dataformat-yaml/2.18.3/jackson-dataformat-yaml-2.18.3.jar:/Users/adminpro/.m2/repository/org/yaml/snakeyaml/2.4/snakeyaml-2.4.jar:/Users/adminpro/.m2/repository/io/smallrye/jandex/3.3.1/jandex-3.3.1.jar:/Users/adminpro/.m2/repository/io/smallrye/common/smallrye-common-classloader/2.12.0/smallrye-common-classloader-2.12.0.jar:/Users/adminpro/.m2/repository/org/jboss/logging/jboss-logging/3.6.1.Final/jboss-logging-3.6.1.Final.jar:/Users/adminpro/.m2/repository/io/quarkus/quarkus-core/3.23.2/quarkus-core-3.23.2.jar:/Users/adminpro/.m2/repository/jakarta/annotation/jakarta.annotation-api/3.0.0/jakarta.annotation-api-3.0.0.jar:/Users/adminpro/.m2/repository/jakarta/enterprise/jakarta.enterprise.cdi-api/4.1.0/jakarta.enterprise.cdi-api-4.1.0.jar:/Users/adminpro/.m2/repository/jakarta/enterprise/jakarta.enterprise.lang-model/4.1.0/jakarta.enterprise.lang-model-4.1.0.jar:/Users/adminpro/.m2/repository/jakarta/interceptor/jakarta.interceptor-api/2.2.0/jakarta.interceptor-api-2.2.0.jar:/Users/adminpro/.m2/repository/jakarta/inject/jakarta.inject-api/2.0.1/jakarta.inject-api-2.0.1.jar:/Users/adminpro/.m2/repository/io/smallrye/common/smallrye-common-os/2.12.0/smallrye-common-os-2.12.0.jar:/Users/adminpro/.m2/repository/io/quarkus/quarkus-ide-launcher/3.23.2/quarkus-ide-launcher-3.23.2.jar:/Users/adminpro/.m2/repository/io/quarkus/quarkus-development-mode-spi/3.23.2/quarkus-development-mode-spi-3.23.2.jar:/Users/adminpro/.m2/repository/io/smallrye/config/smallrye-config/3.13.0/smallrye-config-3.13.0.jar:/Users/adminpro/.m2/repository/io/smallrye/config/smallrye-config-core/3.13.0/smallrye-config-core-3.13.0.jar:/Users/adminpro/.m2/repository/io/smallrye/config/smallrye-config-common/3.13.0/smallrye-config-common-3.13.0.jar:/Users/adminpro/.m2/repository/org/jboss/logmanager/jboss-logmanager/3.1.2.Final/jboss-logmanager-3.1.2.Final.jar:/Users/adminpro/.m2/repository/io/smallrye/common/smallrye-common-constraint/2.12.0/smallrye-common-constraint-2.12.0.jar:/Users/adminpro/.m2/repository/io/smallrye/common/smallrye-common-cpu/2.12.0/smallrye-common-cpu-2.12.0.jar:/Users/adminpro/.m2/repository/io/smallrye/common/smallrye-common-expression/2.12.0/smallrye-common-expression-2.12.0.jar:/Users/adminpro/.m2/repository/io/smallrye/common/smallrye-common-net/2.12.0/smallrye-common-net-2.12.0.jar:/Users/adminpro/.m2/repository/io/smallrye/common/smallrye-common-ref/2.12.0/smallrye-common-ref-2.12.0.jar:/Users/adminpro/.m2/repository/jakarta/json/jakarta.json-api/2.1.3/jakarta.json-api-2.1.3.jar:/Users/adminpro/.m2/repository/org/jboss/threads/jboss-threads/3.9.1/jboss-threads-3.9.1.jar:/Users/adminpro/.m2/repository/io/smallrye/common/smallrye-common-annotation/2.12.0/smallrye-common-annotation-2.12.0.jar:/Users/adminpro/.m2/repository/io/smallrye/common/smallrye-common-function/2.12.0/smallrye-common-function-2.12.0.jar:/Users/adminpro/.m2/repository/org/slf4j/slf4j-api/2.0.6/slf4j-api-2.0.6.jar:/Users/adminpro/.m2/repository/org/jboss/slf4j/slf4j-jboss-logmanager/2.0.0.Final/slf4j-jboss-logmanager-2.0.0.Final.jar:/Users/adminpro/.m2/repository/org/wildfly/common/wildfly-common/2.0.1/wildfly-common-2.0.1.jar:/Users/adminpro/.m2/repository/io/quarkus/quarkus-bootstrap-runner/3.23.2/quarkus-bootstrap-runner-3.23.2.jar:/Users/adminpro/.m2/repository/io/quarkus/quarkus-fs-util/1.0.0/quarkus-fs-util-1.0.0.jar:/Users/adminpro/.m2/repository/io/quarkus/quarkus-vertx-http/3.23.2/quarkus-vertx-http-3.23.2.jar:/Users/adminpro/.m2/repository/io/quarkus/quarkus-security-runtime-spi/3.23.2/quarkus-security-runtime-spi-3.23.2.jar:/Users/adminpro/.m2/repository/io/quarkus/quarkus-tls-registry/3.23.2/quarkus-tls-registry-3.23.2.jar:/Users/adminpro/.m2/repository/io/quarkus/quarkus-tls-registry-spi/3.23.2/quarkus-tls-registry-spi-3.23.2.jar:/Users/adminpro/.m2/repository/io/smallrye/certs/smallrye-private-key-pem-parser/0.9.2/smallrye-private-key-pem-parser-0.9.2.jar:/Users/adminpro/.m2/repository/io/quarkus/quarkus-credentials/3.23.2/quarkus-credentials-3.23.2.jar:/Users/adminpro/.m2/repository/io/smallrye/common/smallrye-common-vertx-context/2.12.0/smallrye-common-vertx-context-2.12.0.jar:/Users/adminpro/.m2/repository/io/quarkus/security/quarkus-security/2.2.1/quarkus-security-2.2.1.jar:/Users/adminpro/.m2/repository/io/quarkus/quarkus-vertx/3.23.2/quarkus-vertx-3.23.2.jar:/Users/adminpro/.m2/repository/io/quarkus/quarkus-netty/3.23.2/quarkus-netty-3.23.2.jar:/Users/adminpro/.m2/repository/io/netty/netty-codec/4.1.121.Final/netty-codec-4.1.121.Final.jar:/Users/adminpro/.m2/repository/io/netty/netty-codec-haproxy/4.1.121.Final/netty-codec-haproxy-4.1.121.Final.jar:/Users/adminpro/.m2/repository/io/quarkus/quarkus-vertx-latebound-mdc-provider/3.23.2/quarkus-vertx-latebound-mdc-provider-3.23.2.jar:/Users/adminpro/.m2/repository/io/smallrye/smallrye-fault-tolerance-vertx/6.9.1/smallrye-fault-tolerance-vertx-6.9.1.jar:/Users/adminpro/.m2/repository/io/smallrye/reactive/smallrye-mutiny-vertx-web/3.19.0/smallrye-mutiny-vertx-web-3.19.0.jar:/Users/adminpro/.m2/repository/io/smallrye/reactive/smallrye-mutiny-vertx-web-common/3.19.0/smallrye-mutiny-vertx-web-common-3.19.0.jar:/Users/adminpro/.m2/repository/io/smallrye/reactive/smallrye-mutiny-vertx-auth-common/3.19.0/smallrye-mutiny-vertx-auth-common-3.19.0.jar:/Users/adminpro/.m2/repository/io/smallrye/reactive/smallrye-mutiny-vertx-bridge-common/3.19.0/smallrye-mutiny-vertx-bridge-common-3.19.0.jar:/Users/adminpro/.m2/repository/io/smallrye/reactive/smallrye-mutiny-vertx-uri-template/3.19.0/smallrye-mutiny-vertx-uri-template-3.19.0.jar:/Users/adminpro/.m2/repository/io/vertx/vertx-uri-template/4.5.14/vertx-uri-template-4.5.14.jar:/Users/adminpro/.m2/repository/io/vertx/vertx-web/4.5.14/vertx-web-4.5.14.jar:/Users/adminpro/.m2/repository/io/vertx/vertx-web-common/4.5.14/vertx-web-common-4.5.14.jar:/Users/adminpro/.m2/repository/io/vertx/vertx-auth-common/4.5.14/vertx-auth-common-4.5.14.jar:/Users/adminpro/.m2/repository/io/vertx/vertx-bridge-common/4.5.14/vertx-bridge-common-4.5.14.jar:/Users/adminpro/.m2/repository/io/github/crac/org-crac/0.1.3/org-crac-0.1.3.jar:/Users/adminpro/.m2/repository/com/aayushatharva/brotli4j/brotli4j/1.16.0/brotli4j-1.16.0.jar:/Users/adminpro/.m2/repository/com/aayushatharva/brotli4j/service/1.16.0/service-1.16.0.jar:/Users/adminpro/.m2/repository/com/aayushatharva/brotli4j/native-osx-aarch64/1.16.0/native-osx-aarch64-1.16.0.jar:/Users/adminpro/.m2/repository/io/quarkus/quarkus-swagger-ui/3.23.2/quarkus-swagger-ui-3.23.2.jar:/Users/adminpro/.m2/repository/io/quarkus/quarkus-jdbc-postgresql/3.23.2/quarkus-jdbc-postgresql-3.23.2.jar:/Users/adminpro/.m2/repository/io/quarkus/quarkus-agroal/3.23.2/quarkus-agroal-3.23.2.jar:/Users/adminpro/.m2/repository/io/quarkus/quarkus-datasource/3.23.2/quarkus-datasource-3.23.2.jar:/Users/adminpro/.m2/repository/io/agroal/agroal-api/2.7.1/agroal-api-2.7.1.jar:/Users/adminpro/.m2/repository/io/agroal/agroal-narayana/2.7.1/agroal-narayana-2.7.1.jar:/Users/adminpro/.m2/repository/org/jboss/jboss-transaction-spi/8.0.0.Final/jboss-transaction-spi-8.0.0.Final.jar:/Users/adminpro/.m2/repository/io/agroal/agroal-pool/2.7.1/agroal-pool-2.7.1.jar:/Users/adminpro/.m2/repository/org/postgresql/postgresql/42.7.6/postgresql-42.7.6.jar:/Users/adminpro/.m2/repository/io/quarkus/quarkus-rest-jackson/3.23.2/quarkus-rest-jackson-3.23.2.jar:/Users/adminpro/.m2/repository/io/quarkus/quarkus-rest-jackson-common/3.23.2/quarkus-rest-jackson-common-3.23.2.jar:/Users/adminpro/.m2/repository/io/quarkus/resteasy/reactive/resteasy-reactive-jackson/3.23.2/resteasy-reactive-jackson-3.23.2.jar:/Users/adminpro/.m2/repository/io/quarkus/quarkus-jackson/3.23.2/quarkus-jackson-3.23.2.jar:/Users/adminpro/.m2/repository/com/fasterxml/jackson/datatype/jackson-datatype-jsr310/2.18.3/jackson-datatype-jsr310-2.18.3.jar:/Users/adminpro/.m2/repository/com/fasterxml/jackson/datatype/jackson-datatype-jdk8/2.18.3/jackson-datatype-jdk8-2.18.3.jar:/Users/adminpro/.m2/repository/com/fasterxml/jackson/module/jackson-module-parameter-names/2.18.3/jackson-module-parameter-names-2.18.3.jar:/Users/adminpro/.m2/repository/io/quarkus/quarkus-arc/3.23.2/quarkus-arc-3.23.2.jar:/Users/adminpro/.m2/repository/io/quarkus/arc/arc/3.23.2/arc-3.23.2.jar:/Users/adminpro/.m2/repository/io/smallrye/reactive/mutiny/2.9.0/mutiny-2.9.0.jar:/Users/adminpro/.m2/repository/org/jctools/jctools-core/4.0.5/jctools-core-4.0.5.jar:/Users/adminpro/.m2/repository/org/eclipse/microprofile/context-propagation/microprofile-context-propagation-api/1.3/microprofile-context-propagation-api-1.3.jar:/Users/adminpro/.m2/repository/io/quarkus/quarkus-hibernate-orm/3.23.2/quarkus-hibernate-orm-3.23.2.jar:/Users/adminpro/.m2/repository/io/quarkus/quarkus-narayana-jta/3.23.2/quarkus-narayana-jta-3.23.2.jar:/Users/adminpro/.m2/repository/io/quarkus/quarkus-transaction-annotations/3.23.2/quarkus-transaction-annotations-3.23.2.jar:/Users/adminpro/.m2/repository/io/quarkus/quarkus-datasource-common/3.23.2/quarkus-datasource-common-3.23.2.jar:/Users/adminpro/.m2/repository/io/smallrye/smallrye-context-propagation-jta/2.2.1/smallrye-context-propagation-jta-2.2.1.jar:/Users/adminpro/.m2/repository/io/smallrye/reactive/smallrye-reactive-converter-api/3.0.3/smallrye-reactive-converter-api-3.0.3.jar:/Users/adminpro/.m2/repository/org/reactivestreams/reactive-streams/1.0.4/reactive-streams-1.0.4.jar:/Users/adminpro/.m2/repository/io/smallrye/reactive/smallrye-reactive-converter-mutiny/3.0.3/smallrye-reactive-converter-mutiny-3.0.3.jar:/Users/adminpro/.m2/repository/io/smallrye/reactive/mutiny-zero-flow-adapters/1.1.1/mutiny-zero-flow-adapters-1.1.1.jar:/Users/adminpro/.m2/repository/org/jboss/narayana/jta/narayana-jta/7.2.2.Final/narayana-jta-7.2.2.Final.jar:/Users/adminpro/.m2/repository/jakarta/resource/jakarta.resource-api/2.1.0/jakarta.resource-api-2.1.0.jar:/Users/adminpro/.m2/repository/org/jboss/invocation/jboss-invocation/2.0.0.Final/jboss-invocation-2.0.0.Final.jar:/Users/adminpro/.m2/repository/org/eclipse/microprofile/reactive-streams-operators/microprofile-reactive-streams-operators-api/3.0.1/microprofile-reactive-streams-operators-api-3.0.1.jar:/Users/adminpro/.m2/repository/org/jboss/narayana/jts/narayana-jts-integration/7.2.2.Final/narayana-jts-integration-7.2.2.Final.jar:/Users/adminpro/.m2/repository/org/hibernate/orm/hibernate-core/6.6.17.Final/hibernate-core-6.6.17.Final.jar:/Users/adminpro/.m2/repository/com/fasterxml/classmate/1.7.0/classmate-1.7.0.jar:/Users/adminpro/.m2/repository/org/antlr/antlr4-runtime/4.13.0/antlr4-runtime-4.13.0.jar:/Users/adminpro/.m2/repository/net/bytebuddy/byte-buddy/1.15.11/byte-buddy-1.15.11.jar:/Users/adminpro/.m2/repository/org/hibernate/common/hibernate-commons-annotations/7.0.3.Final/hibernate-commons-annotations-7.0.3.Final.jar:/Users/adminpro/.m2/repository/org/hibernate/orm/hibernate-graalvm/6.6.17.Final/hibernate-graalvm-6.6.17.Final.jar:/Users/adminpro/.m2/repository/org/glassfish/jaxb/jaxb-runtime/4.0.5/jaxb-runtime-4.0.5.jar:/Users/adminpro/.m2/repository/org/glassfish/jaxb/jaxb-core/4.0.5/jaxb-core-4.0.5.jar:/Users/adminpro/.m2/repository/org/eclipse/angus/angus-activation/2.0.2/angus-activation-2.0.2.jar:/Users/adminpro/.m2/repository/org/glassfish/jaxb/txw2/4.0.5/txw2-4.0.5.jar:/Users/adminpro/.m2/repository/com/sun/istack/istack-commons-runtime/4.1.2/istack-commons-runtime-4.1.2.jar:/Users/adminpro/.m2/repository/jakarta/xml/bind/jakarta.xml.bind-api/4.0.2/jakarta.xml.bind-api-4.0.2.jar:/Users/adminpro/.m2/repository/jakarta/activation/jakarta.activation-api/2.1.3/jakarta.activation-api-2.1.3.jar:/Users/adminpro/.m2/repository/jakarta/persistence/jakarta.persistence-api/3.1.0/jakarta.persistence-api-3.1.0.jar:/Users/adminpro/.m2/repository/jakarta/transaction/jakarta.transaction-api/2.0.1/jakarta.transaction-api-2.0.1.jar:/Users/adminpro/.m2/repository/org/hibernate/quarkus-local-cache/0.3.1/quarkus-local-cache-0.3.1.jar:/Users/adminpro/.m2/repository/io/quarkus/quarkus-caffeine/3.23.2/quarkus-caffeine-3.23.2.jar:/Users/adminpro/.m2/repository/com/github/ben-manes/caffeine/caffeine/3.2.0/caffeine-3.2.0.jar:/Users/adminpro/.m2/repository/org/jspecify/jspecify/1.0.0/jspecify-1.0.0.jar:/Users/adminpro/.m2/repository/com/google/errorprone/error_prone_annotations/2.37.0/error_prone_annotations-2.37.0.jar:/Users/adminpro/.m2/repository/io/quarkus/quarkus-rest/3.23.2/quarkus-rest-3.23.2.jar:/Users/adminpro/.m2/repository/io/quarkus/quarkus-rest-common/3.23.2/quarkus-rest-common-3.23.2.jar:/Users/adminpro/.m2/repository/io/quarkus/resteasy/reactive/resteasy-reactive-common/3.23.2/resteasy-reactive-common-3.23.2.jar:/Users/adminpro/.m2/repository/io/quarkus/resteasy/reactive/resteasy-reactive-common-types/3.23.2/resteasy-reactive-common-types-3.23.2.jar:/Users/adminpro/.m2/repository/io/quarkus/resteasy/reactive/resteasy-reactive-vertx/3.23.2/resteasy-reactive-vertx-3.23.2.jar:/Users/adminpro/.m2/repository/io/smallrye/reactive/smallrye-mutiny-vertx-core/3.19.0/smallrye-mutiny-vertx-core-3.19.0.jar:/Users/adminpro/.m2/repository/io/smallrye/reactive/smallrye-mutiny-vertx-runtime/3.19.0/smallrye-mutiny-vertx-runtime-3.19.0.jar:/Users/adminpro/.m2/repository/io/smallrye/reactive/vertx-mutiny-generator/3.19.0/vertx-mutiny-generator-3.19.0.jar:/Users/adminpro/.m2/repository/io/vertx/vertx-codegen/4.5.14/vertx-codegen-4.5.14.jar:/Users/adminpro/.m2/repository/io/quarkus/resteasy/reactive/resteasy-reactive/3.23.2/resteasy-reactive-3.23.2.jar:/Users/adminpro/.m2/repository/io/quarkus/vertx/utils/quarkus-vertx-utils/3.23.2/quarkus-vertx-utils-3.23.2.jar:/Users/adminpro/.m2/repository/org/jboss/logging/commons-logging-jboss-logging/1.0.0.Final/commons-logging-jboss-logging-1.0.0.Final.jar:/Users/adminpro/.m2/repository/io/quarkus/quarkus-jsonp/3.23.2/quarkus-jsonp-3.23.2.jar:/Users/adminpro/.m2/repository/org/eclipse/parsson/parsson/1.1.7/parsson-1.1.7.jar:/Users/adminpro/.m2/repository/io/quarkus/quarkus-virtual-threads/3.23.2/quarkus-virtual-threads-3.23.2.jar:/Users/adminpro/.m2/repository/io/vertx/vertx-core/4.5.14/vertx-core-4.5.14.jar:/Users/adminpro/.m2/repository/io/netty/netty-common/4.1.121.Final/netty-common-4.1.121.Final.jar:/Users/adminpro/.m2/repository/io/netty/netty-buffer/4.1.121.Final/netty-buffer-4.1.121.Final.jar:/Users/adminpro/.m2/repository/io/netty/netty-transport/4.1.121.Final/netty-transport-4.1.121.Final.jar:/Users/adminpro/.m2/repository/io/netty/netty-handler/4.1.121.Final/netty-handler-4.1.121.Final.jar:/Users/adminpro/.m2/repository/io/netty/netty-transport-native-unix-common/4.1.121.Final/netty-transport-native-unix-common-4.1.121.Final.jar:/Users/adminpro/.m2/repository/io/netty/netty-handler-proxy/4.1.121.Final/netty-handler-proxy-4.1.121.Final.jar:/Users/adminpro/.m2/repository/io/netty/netty-codec-socks/4.1.121.Final/netty-codec-socks-4.1.121.Final.jar:/Users/adminpro/.m2/repository/io/netty/netty-codec-http/4.1.121.Final/netty-codec-http-4.1.121.Final.jar:/Users/adminpro/.m2/repository/io/netty/netty-codec-http2/4.1.121.Final/netty-codec-http2-4.1.121.Final.jar:/Users/adminpro/.m2/repository/io/netty/netty-resolver/4.1.121.Final/netty-resolver-4.1.121.Final.jar:/Users/adminpro/.m2/repository/io/netty/netty-resolver-dns/4.1.121.Final/netty-resolver-dns-4.1.121.Final.jar:/Users/adminpro/.m2/repository/io/netty/netty-codec-dns/4.1.121.Final/netty-codec-dns-4.1.121.Final.jar:/Users/adminpro/.m2/repository/io/quarkus/quarkus-junit5/3.23.2/quarkus-junit5-3.23.2.jar:/Users/adminpro/.m2/repository/io/quarkus/quarkus-bootstrap-core/3.23.2/quarkus-bootstrap-core-3.23.2.jar:/Users/adminpro/.m2/repository/io/quarkus/quarkus-classloader-commons/3.23.2/quarkus-classloader-commons-3.23.2.jar:/Users/adminpro/.m2/repository/io/quarkus/quarkus-bootstrap-app-model/3.23.2/quarkus-bootstrap-app-model-3.23.2.jar:/Users/adminpro/.m2/repository/io/smallrye/common/smallrye-common-io/2.12.0/smallrye-common-io-2.12.0.jar:/Users/adminpro/.m2/repository/org/eclipse/sisu/org.eclipse.sisu.inject/0.9.0.M4/org.eclipse.sisu.inject-0.9.0.M4.jar:/Users/adminpro/.m2/repository/org/ow2/asm/asm/9.8/asm-9.8.jar:/Users/adminpro/.m2/repository/io/quarkus/quarkus-test-common/3.23.2/quarkus-test-common-3.23.2.jar:/Users/adminpro/.m2/repository/io/quarkus/quarkus-core-deployment/3.23.2/quarkus-core-deployment-3.23.2.jar:/Users/adminpro/.m2/repository/org/aesh/readline/2.6/readline-2.6.jar:/Users/adminpro/.m2/repository/org/fusesource/jansi/jansi/2.4.0/jansi-2.4.0.jar:/Users/adminpro/.m2/repository/org/aesh/aesh/2.8.2/aesh-2.8.2.jar:/Users/adminpro/.m2/repository/io/quarkus/gizmo/gizmo/1.9.0/gizmo-1.9.0.jar:/Users/adminpro/.m2/repository/org/ow2/asm/asm-util/9.8/asm-util-9.8.jar:/Users/adminpro/.m2/repository/org/ow2/asm/asm-analysis/9.8/asm-analysis-9.8.jar:/Users/adminpro/.m2/repository/org/ow2/asm/asm-commons/9.8/asm-commons-9.8.jar:/Users/adminpro/.m2/repository/org/ow2/asm/asm-tree/9.8/asm-tree-9.8.jar:/Users/adminpro/.m2/repository/io/quarkus/quarkus-hibernate-validator-spi/3.23.2/quarkus-hibernate-validator-spi-3.23.2.jar:/Users/adminpro/.m2/repository/io/quarkus/quarkus-class-change-agent/3.23.2/quarkus-class-change-agent-3.23.2.jar:/Users/adminpro/.m2/repository/io/quarkus/quarkus-devtools-utilities/3.23.2/quarkus-devtools-utilities-3.23.2.jar:/Users/adminpro/.m2/repository/io/quarkus/quarkus-builder/3.23.2/quarkus-builder-3.23.2.jar:/Users/adminpro/.m2/repository/org/graalvm/sdk/nativeimage/23.1.2/nativeimage-23.1.2.jar:/Users/adminpro/.m2/repository/org/graalvm/sdk/word/23.1.2/word-23.1.2.jar:/Users/adminpro/.m2/repository/org/junit/platform/junit-platform-launcher/1.12.2/junit-platform-launcher-1.12.2.jar:/Users/adminpro/.m2/repository/io/quarkus/quarkus-bootstrap-maven-resolver/3.23.2/quarkus-bootstrap-maven-resolver-3.23.2.jar:/Users/adminpro/.m2/repository/io/smallrye/beanbag/smallrye-beanbag-maven/1.5.3/smallrye-beanbag-maven-1.5.3.jar:/Users/adminpro/.m2/repository/io/smallrye/beanbag/smallrye-beanbag-sisu/1.5.3/smallrye-beanbag-sisu-1.5.3.jar:/Users/adminpro/.m2/repository/io/smallrye/beanbag/smallrye-beanbag/1.5.3/smallrye-beanbag-1.5.3.jar:/Users/adminpro/.m2/repository/javax/inject/javax.inject/1/javax.inject-1.jar:/Users/adminpro/.m2/repository/org/apache/maven/maven-artifact/3.9.9/maven-artifact-3.9.9.jar:/Users/adminpro/.m2/repository/org/apache/maven/maven-builder-support/3.9.9/maven-builder-support-3.9.9.jar:/Users/adminpro/.m2/repository/org/apache/maven/maven-model/3.9.9/maven-model-3.9.9.jar:/Users/adminpro/.m2/repository/org/apache/maven/maven-model-builder/3.9.9/maven-model-builder-3.9.9.jar:/Users/adminpro/.m2/repository/org/apache/maven/maven-repository-metadata/3.9.9/maven-repository-metadata-3.9.9.jar:/Users/adminpro/.m2/repository/org/apache/maven/maven-settings/3.9.9/maven-settings-3.9.9.jar:/Users/adminpro/.m2/repository/org/apache/maven/resolver/maven-resolver-api/1.9.22/maven-resolver-api-1.9.22.jar:/Users/adminpro/.m2/repository/org/apache/maven/resolver/maven-resolver-impl/1.9.22/maven-resolver-impl-1.9.22.jar:/Users/adminpro/.m2/repository/org/apache/maven/resolver/maven-resolver-named-locks/1.9.22/maven-resolver-named-locks-1.9.22.jar:/Users/adminpro/.m2/repository/org/apache/maven/resolver/maven-resolver-spi/1.9.22/maven-resolver-spi-1.9.22.jar:/Users/adminpro/.m2/repository/org/apache/maven/resolver/maven-resolver-util/1.9.22/maven-resolver-util-1.9.22.jar:/Users/adminpro/.m2/repository/org/apache/maven/resolver/maven-resolver-transport-http/1.9.23/maven-resolver-transport-http-1.9.23.jar:/Users/adminpro/.m2/repository/org/apache/maven/wagon/wagon-provider-api/3.5.3/wagon-provider-api-3.5.3.jar:/Users/adminpro/.m2/repository/org/apache/maven/wagon/wagon-http-shared/3.5.3/wagon-http-shared-3.5.3.jar:/Users/adminpro/.m2/repository/org/codehaus/plexus/plexus-interpolation/1.26/plexus-interpolation-1.26.jar:/Users/adminpro/.m2/repository/org/codehaus/plexus/plexus-utils/3.5.1/plexus-utils-3.5.1.jar:/Users/adminpro/.m2/repository/org/codehaus/plexus/plexus-xml/4.0.2/plexus-xml-4.0.2.jar:/Users/adminpro/.m2/repository/org/apache/maven/maven-xml-impl/4.0.0-alpha-7/maven-xml-impl-4.0.0-alpha-7.jar:/Users/adminpro/.m2/repository/org/apache/maven/maven-api-xml/4.0.0-alpha-7/maven-api-xml-4.0.0-alpha-7.jar:/Users/adminpro/.m2/repository/org/apache/maven/maven-api-meta/4.0.0-alpha-7/maven-api-meta-4.0.0-alpha-7.jar:/Users/adminpro/.m2/repository/org/codehaus/plexus/plexus-cipher/2.0/plexus-cipher-2.0.jar:/Users/adminpro/.m2/repository/org/codehaus/plexus/plexus-sec-dispatcher/2.0/plexus-sec-dispatcher-2.0.jar:/Users/adminpro/.m2/repository/org/apache/maven/maven-embedder/3.9.9/maven-embedder-3.9.9.jar:/Users/adminpro/.m2/repository/org/apache/maven/maven-core/3.9.9/maven-core-3.9.9.jar:/Users/adminpro/.m2/repository/org/codehaus/plexus/plexus-component-annotations/2.1.0/plexus-component-annotations-2.1.0.jar:/Users/adminpro/.m2/repository/org/apache/maven/maven-plugin-api/3.9.9/maven-plugin-api-3.9.9.jar:/Users/adminpro/.m2/repository/org/apache/maven/shared/maven-shared-utils/3.4.2/maven-shared-utils-3.4.2.jar:/Users/adminpro/.m2/repository/com/google/inject/guice/5.1.0/guice-5.1.0.jar:/Users/adminpro/.m2/repository/aopalliance/aopalliance/1.0/aopalliance-1.0.jar:/Users/adminpro/.m2/repository/com/google/guava/guava/33.4.8-jre/guava-33.4.8-jre.jar:/Users/adminpro/.m2/repository/com/google/guava/failureaccess/1.0.1/failureaccess-1.0.1.jar:/Users/adminpro/.m2/repository/javax/annotation/javax.annotation-api/1.3.2/javax.annotation-api-1.3.2.jar:/Users/adminpro/.m2/repository/org/codehaus/plexus/plexus-classworlds/2.6.0/plexus-classworlds-2.6.0.jar:/Users/adminpro/.m2/repository/commons-cli/commons-cli/1.8.0/commons-cli-1.8.0.jar:/Users/adminpro/.m2/repository/org/eclipse/sisu/org.eclipse.sisu.plexus/0.9.0.M4/org.eclipse.sisu.plexus-0.9.0.M4.jar:/Users/adminpro/.m2/repository/org/apache/maven/maven-settings-builder/3.9.9/maven-settings-builder-3.9.9.jar:/Users/adminpro/.m2/repository/org/apache/maven/maven-resolver-provider/3.9.9/maven-resolver-provider-3.9.9.jar:/Users/adminpro/.m2/repository/org/apache/maven/resolver/maven-resolver-connector-basic/1.9.22/maven-resolver-connector-basic-1.9.22.jar:/Users/adminpro/.m2/repository/org/apache/maven/resolver/maven-resolver-transport-wagon/1.9.22/maven-resolver-transport-wagon-1.9.22.jar:/Users/adminpro/.m2/repository/org/apache/maven/wagon/wagon-http/3.5.3/wagon-http-3.5.3.jar:/Users/adminpro/.m2/repository/org/apache/maven/wagon/wagon-file/3.5.3/wagon-file-3.5.3.jar:/Users/adminpro/.m2/repository/io/quarkus/quarkus-bootstrap-gradle-resolver/3.23.2/quarkus-bootstrap-gradle-resolver-3.23.2.jar:/Users/adminpro/.m2/repository/commons-io/commons-io/2.19.0/commons-io-2.19.0.jar:/Users/adminpro/.m2/repository/io/quarkus/quarkus-junit5-config/3.23.2/quarkus-junit5-config-3.23.2.jar:/Users/adminpro/.m2/repository/org/junit/jupiter/junit-jupiter-api/5.12.2/junit-jupiter-api-5.12.2.jar:/Users/adminpro/.m2/repository/org/opentest4j/opentest4j/1.3.0/opentest4j-1.3.0.jar:/Users/adminpro/.m2/repository/org/junit/platform/junit-platform-commons/1.12.2/junit-platform-commons-1.12.2.jar:/Users/adminpro/.m2/repository/org/apiguardian/apiguardian-api/1.1.2/apiguardian-api-1.1.2.jar:/Users/adminpro/.m2/repository/org/junit/jupiter/junit-jupiter/5.12.2/junit-jupiter-5.12.2.jar:/Users/adminpro/.m2/repository/org/junit/jupiter/junit-jupiter-params/5.12.2/junit-jupiter-params-5.12.2.jar:/Users/adminpro/.m2/repository/org/junit/jupiter/junit-jupiter-engine/5.12.2/junit-jupiter-engine-5.12.2.jar:/Users/adminpro/.m2/repository/org/junit/platform/junit-platform-engine/1.12.2/junit-platform-engine-1.12.2.jar:/Users/adminpro/.m2/repository/io/rest-assured/rest-assured/5.5.5/rest-assured-5.5.5.jar:/Users/adminpro/.m2/repository/org/apache/groovy/groovy/4.0.22/groovy-4.0.22.jar:/Users/adminpro/.m2/repository/org/apache/groovy/groovy-xml/4.0.22/groovy-xml-4.0.22.jar:/Users/adminpro/.m2/repository/org/apache/httpcomponents/httpclient/4.5.14/httpclient-4.5.14.jar:/Users/adminpro/.m2/repository/org/apache/httpcomponents/httpcore/4.4.16/httpcore-4.4.16.jar:/Users/adminpro/.m2/repository/commons-codec/commons-codec/1.18.0/commons-codec-1.18.0.jar:/Users/adminpro/.m2/repository/org/apache/httpcomponents/httpmime/4.5.14/httpmime-4.5.14.jar:/Users/adminpro/.m2/repository/org/hamcrest/hamcrest/2.2/hamcrest-2.2.jar:/Users/adminpro/.m2/repository/org/ccil/cowan/tagsoup/tagsoup/1.2.1/tagsoup-1.2.1.jar:/Users/adminpro/.m2/repository/io/rest-assured/json-path/5.5.5/json-path-5.5.5.jar:/Users/adminpro/.m2/repository/org/apache/groovy/groovy-json/4.0.22/groovy-json-4.0.22.jar:/Users/adminpro/.m2/repository/io/rest-assured/rest-assured-common/5.5.5/rest-assured-common-5.5.5.jar:/Users/adminpro/.m2/repository/io/rest-assured/xml-path/5.5.5/xml-path-5.5.5.jar:/Users/adminpro/.m2/repository/org/apache/commons/commons-lang3/3.17.0/commons-lang3-3.17.0.jar:/Users/adminpro/.m2/repository/org/projectlombok/lombok/1.18.30/lombok-1.18.30.jar:/Users/adminpro/.m2/repository/io/quarkus/quarkus-junit5-mockito/3.23.2/quarkus-junit5-mockito-3.23.2.jar:/Users/adminpro/.m2/repository/org/mockito/mockito-junit-jupiter/5.17.0/mockito-junit-jupiter-5.17.0.jar:/Users/adminpro/.m2/repository/io/quarkus/quarkus-junit5-mockito-config/3.23.2/quarkus-junit5-mockito-config-3.23.2.jar:/Users/adminpro/.m2/repository/io/quarkus/quarkus-arc-deployment/3.23.2/quarkus-arc-deployment-3.23.2.jar:/Users/adminpro/.m2/repository/io/quarkus/quarkus-smallrye-context-propagation-spi/3.23.2/quarkus-smallrye-context-propagation-spi-3.23.2.jar:/Users/adminpro/.m2/repository/io/quarkus/quarkus-vertx-http-dev-ui-spi/3.23.2/quarkus-vertx-http-dev-ui-spi-3.23.2.jar:/Users/adminpro/.m2/repository/io/quarkus/quarkus-arc-dev/3.23.2/quarkus-arc-dev-3.23.2.jar:/Users/adminpro/.m2/repository/io/quarkus/arc/arc-processor/3.23.2/arc-processor-3.23.2.jar:/Users/adminpro/.m2/repository/io/quarkus/quarkus-mutiny/3.23.2/quarkus-mutiny-3.23.2.jar:/Users/adminpro/.m2/repository/io/quarkus/quarkus-smallrye-context-propagation/3.23.2/quarkus-smallrye-context-propagation-3.23.2.jar:/Users/adminpro/.m2/repository/io/smallrye/smallrye-context-propagation/2.2.1/smallrye-context-propagation-2.2.1.jar:/Users/adminpro/.m2/repository/io/smallrye/smallrye-context-propagation-api/2.2.1/smallrye-context-propagation-api-2.2.1.jar:/Users/adminpro/.m2/repository/io/smallrye/smallrye-context-propagation-storage/2.2.1/smallrye-context-propagation-storage-2.2.1.jar:/Users/adminpro/.m2/repository/io/smallrye/reactive/mutiny-smallrye-context-propagation/2.9.0/mutiny-smallrye-context-propagation-2.9.0.jar:/Users/adminpro/.m2/repository/org/mockito/mockito-core/5.11.0/mockito-core-5.11.0.jar:/Users/adminpro/.m2/repository/net/bytebuddy/byte-buddy-agent/1.14.12/byte-buddy-agent-1.14.12.jar:/Users/adminpro/.m2/repository/org/objenesis/objenesis/3.3/objenesis-3.3.jar:/Users/adminpro/.m2/repository/io/quarkus/quarkus-jdbc-h2/3.23.2/quarkus-jdbc-h2-3.23.2.jar:/Users/adminpro/.m2/repository/com/h2database/h2/2.3.230/h2-2.3.230.jar:/Users/adminpro/.m2/repository/org/locationtech/jts/jts-core/1.19.0/jts-core-1.19.0.jar:/Users/adminpro/.m2/repository/io/quarkus/quarkus-hibernate-validator/3.23.2/quarkus-hibernate-validator-3.23.2.jar:/Users/adminpro/.m2/repository/org/hibernate/validator/hibernate-validator/8.0.2.Final/hibernate-validator-8.0.2.Final.jar:/Users/adminpro/.m2/repository/jakarta/validation/jakarta.validation-api/3.0.2/jakarta.validation-api-3.0.2.jar:/Users/adminpro/.m2/repository/org/glassfish/expressly/expressly/5.0.0/expressly-5.0.0.jar:/Users/adminpro/.m2/repository/jakarta/el/jakarta.el-api/5.0.1/jakarta.el-api-5.0.1.jar:/Users/adminpro/.m2/repository/io/smallrye/config/smallrye-config-validator/3.13.0/smallrye-config-validator-3.13.0.jar:/Users/adminpro/.m2/repository/jakarta/ws/rs/jakarta.ws.rs-api/3.1.0/jakarta.ws.rs-api-3.1.0.jar:"/>
    <property name="sun.cpu.endian" value="little"/>
    <property name="vertx.disableWebsockets" value="true"/>
    <property name="user.home" value="/Users/adminpro"/>
    <property name="user.language" value="ru"/>
    <property name="jboss.log-version" value="false"/>
    <property name="java.specification.vendor" value="Oracle Corporation"/>
    <property name="io.netty.allocator.maxOrder" value="3"/>
    <property name="java.version.date" value="2024-07-16"/>
    <property name="java.home" value="/Library/Java/JavaVirtualMachines/jdk-17.jdk/Contents/Home"/>
    <property name="file.separator" value="/"/>
    <property name="basedir" value="/Users/adminpro/Projects/Parking-service"/>
    <property name="java.vm.compressedOopsMode" value="Zero based"/>
    <property name="line.separator" value="&#10;"/>
    <property name="java.vm.specification.vendor" value="Oracle Corporation"/>
    <property name="java.specification.name" value="Java Platform API Specification"/>
    <property name="io.netty.allocator.disableCacheFinalizersForFastThreadLocalThreads" value="true"/>
    <property name="surefire.real.class.path" value="/Users/adminpro/Projects/Parking-service/target/surefire/surefirebooter-20250608223625787_3.jar"/>
    <property name="sun.management.compiler" value="HotSpot 64-Bit Tiered Compilers"/>
    <property name="ftp.nonProxyHosts" value="local|*.local|169.254/16|*.169.254/16"/>
    <property name="java.runtime.version" value="17.0.12+8-LTS-286"/>
    <property name="user.name" value="adminpro"/>
    <property name="path.separator" value=":"/>
    <property name="os.version" value="15.5"/>
    <property name="java.runtime.name" value="Java(TM) SE Runtime Environment"/>
    <property name="file.encoding" value="UTF-8"/>
    <property name="java.vm.name" value="Java HotSpot(TM) 64-Bit Server VM"/>
    <property name="localRepository" value="/Users/adminpro/.m2/repository"/>
    <property name="java.vendor.url.bug" value="https://bugreport.java.com/bugreport/"/>
    <property name="java.io.tmpdir" value="/var/folders/cl/k9py7v_x2pz77mtdvfy_ndzw0000gn/T/"/>
    <property name="quarkus.log.file.path" value="target/quarkus.log"/>
    <property name="java.version" value="17.0.12"/>
    <property name="java.util.concurrent.ForkJoinPool.common.threadFactory" value="io.quarkus.bootstrap.forkjoin.QuarkusForkJoinWorkerThreadFactory"/>
    <property name="user.dir" value="/Users/adminpro/Projects/Parking-service"/>
    <property name="os.arch" value="aarch64"/>
    <property name="java.vm.specification.name" value="Java Virtual Machine Specification"/>
    <property name="vertx.disableDnsResolver" value="true"/>
    <property name="native.encoding" value="UTF-8"/>
    <property name="java.util.logging.manager" value="org.jboss.logmanager.LogManager"/>
    <property name="java.library.path" value="/Users/adminpro/Library/Java/Extensions:/Library/Java/Extensions:/Network/Library/Java/Extensions:/System/Library/Java/Extensions:/usr/lib/java:."/>
    <property name="jdk.console" value="java.base"/>
    <property name="java.vm.info" value="mixed mode, sharing"/>
    <property name="java.vendor" value="Oracle Corporation"/>
    <property name="vertx.disableTCCL" value="true"/>
    <property name="java.vm.version" value="17.0.12+8-LTS-286"/>
    <property name="vertx.logger-delegate-factory-class-name" value="io.quarkus.vertx.core.runtime.VertxLogDelegateFactory"/>
    <property name="sun.io.unicode.encoding" value="UnicodeBig"/>
    <property name="io.netty.machineId" value="37:13:8c:6f:e3:22:b4:59"/>
    <property name="socksNonProxyHosts" value="local|*.local|169.254/16|*.169.254/16"/>
    <property name="java.class.version" value="61.0"/>
  </properties>
  <testcase name="registerVehicleEntry_Success" classname="parkingService.ParkingServiceImplTest" time="0.328">
    <system-out><![CDATA[2025-06-08 22:36:27,951 INFO  [org.hib.jpa.int.uti.LogHelper] (main) HHH000204: Processing PersistenceUnitInfo [name: <default>]
2025-06-08 22:36:28,039 INFO  [org.hib.Version] (main) HHH000412: Hibernate ORM core version 6.6.17.Final
2025-06-08 22:36:28,099 INFO  [org.hib.orm.con.pooling] (main) HHH10001005: Database info:
	Database JDBC URL [undefined/unknown]
	Database driver: undefined/unknown
	Database version: 2.3.230
	Autocommit mode: undefined/unknown
	Isolation level: <unknown>
	Minimum pool size: undefined/unknown
	Maximum pool size: undefined/unknown
2025-06-08 22:36:28,168 INFO  [org.hib.val.int.uti.Version] (main) HV000001: Hibernate Validator 8.0.2.Final
2025-06-08 22:36:28,610 DEBUG [org.hib.SQL] (JPA Startup Thread) 
    &amp#27;[34mcreate&amp#27;[0m &amp#27;[34mglobal&amp#27;[0m temporary &amp#27;[34mtable&amp#27;[0m HTE_MyEntity(rn_ &amp#27;[34minteger&amp#27;[0m &amp#27;[34mnot&amp#27;[0m &amp#27;[34mnull&amp#27;[0m, id &amp#27;[34mbigint&amp#27;[0m, field &amp#27;[34mvarchar&amp#27;[0m(255), &amp#27;[34mprimary&amp#27;[0m &amp#27;[34mkey&amp#27;[0m (rn_)) TRANSACTIONAL
&amp#27;[35m[Hibernate]&amp#27;[0m 
    &amp#27;[34mcreate&amp#27;[0m &amp#27;[34mglobal&amp#27;[0m temporary &amp#27;[34mtable&amp#27;[0m HTE_MyEntity(rn_ &amp#27;[34minteger&amp#27;[0m &amp#27;[34mnot&amp#27;[0m &amp#27;[34mnull&amp#27;[0m, id &amp#27;[34mbigint&amp#27;[0m, field &amp#27;[34mvarchar&amp#27;[0m(255), &amp#27;[34mprimary&amp#27;[0m &amp#27;[34mkey&amp#27;[0m (rn_)) TRANSACTIONAL
2025-06-08 22:36:28,615 DEBUG [org.hib.SQL] (JPA Startup Thread) 
    &amp#27;[34mcreate&amp#27;[0m &amp#27;[34mglobal&amp#27;[0m temporary &amp#27;[34mtable&amp#27;[0m HTE_vehicles(rn_ &amp#27;[34minteger&amp#27;[0m &amp#27;[34mnot&amp#27;[0m &amp#27;[34mnull&amp#27;[0m, entry_time &amp#27;[34mtimestamp&amp#27;[0m(6), exit_time &amp#27;[34mtimestamp&amp#27;[0m(6), id &amp#27;[34mbigint&amp#27;[0m, number &amp#27;[34mvarchar&amp#27;[0m(255), status enum (&amp#27;[36m'EXITED'&amp#27;[0m, &amp#27;[36m'PARKED'&amp#27;[0m), type enum (&amp#27;[36m'BUS'&amp#27;[0m, &amp#27;[36m'MOTORCYCLE'&amp#27;[0m, &amp#27;[36m'PASSENGER'&amp#27;[0m, &amp#27;[36m'TRUCK'&amp#27;[0m), &amp#27;[34mprimary&amp#27;[0m &amp#27;[34mkey&amp#27;[0m (rn_)) TRANSACTIONAL
&amp#27;[35m[Hibernate]&amp#27;[0m 
    &amp#27;[34mcreate&amp#27;[0m &amp#27;[34mglobal&amp#27;[0m temporary &amp#27;[34mtable&amp#27;[0m HTE_vehicles(rn_ &amp#27;[34minteger&amp#27;[0m &amp#27;[34mnot&amp#27;[0m &amp#27;[34mnull&amp#27;[0m, entry_time &amp#27;[34mtimestamp&amp#27;[0m(6), exit_time &amp#27;[34mtimestamp&amp#27;[0m(6), id &amp#27;[34mbigint&amp#27;[0m, number &amp#27;[34mvarchar&amp#27;[0m(255), status enum (&amp#27;[36m'EXITED'&amp#27;[0m, &amp#27;[36m'PARKED'&amp#27;[0m), type enum (&amp#27;[36m'BUS'&amp#27;[0m, &amp#27;[36m'MOTORCYCLE'&amp#27;[0m, &amp#27;[36m'PASSENGER'&amp#27;[0m, &amp#27;[36m'TRUCK'&amp#27;[0m), &amp#27;[34mprimary&amp#27;[0m &amp#27;[34mkey&amp#27;[0m (rn_)) TRANSACTIONAL
2025-06-08 22:36:28,672 DEBUG [org.hib.SQL] (JPA Startup Thread) 
    &amp#27;[34mdrop&amp#27;[0m &amp#27;[34mtable&amp#27;[0m &amp#27;[34mif&amp#27;[0m &amp#27;[34mexists&amp#27;[0m MyEntity &amp#27;[34mcascade&amp#27;[0m 
&amp#27;[35m[Hibernate]&amp#27;[0m 
    &amp#27;[34mdrop&amp#27;[0m &amp#27;[34mtable&amp#27;[0m &amp#27;[34mif&amp#27;[0m &amp#27;[34mexists&amp#27;[0m MyEntity &amp#27;[34mcascade&amp#27;[0m 
2025-06-08 22:36:28,673 DEBUG [org.hib.SQL] (JPA Startup Thread) 
    &amp#27;[34mdrop&amp#27;[0m &amp#27;[34mtable&amp#27;[0m &amp#27;[34mif&amp#27;[0m &amp#27;[34mexists&amp#27;[0m vehicles &amp#27;[34mcascade&amp#27;[0m 
&amp#27;[35m[Hibernate]&amp#27;[0m 
    &amp#27;[34mdrop&amp#27;[0m &amp#27;[34mtable&amp#27;[0m &amp#27;[34mif&amp#27;[0m &amp#27;[34mexists&amp#27;[0m vehicles &amp#27;[34mcascade&amp#27;[0m 
2025-06-08 22:36:28,673 DEBUG [org.hib.SQL] (JPA Startup Thread) 
    &amp#27;[34mdrop&amp#27;[0m &amp#27;[34msequence&amp#27;[0m &amp#27;[34mif&amp#27;[0m &amp#27;[34mexists&amp#27;[0m MyEntity_SEQ
&amp#27;[35m[Hibernate]&amp#27;[0m 
    &amp#27;[34mdrop&amp#27;[0m &amp#27;[34msequence&amp#27;[0m &amp#27;[34mif&amp#27;[0m &amp#27;[34mexists&amp#27;[0m MyEntity_SEQ
2025-06-08 22:36:28,673 DEBUG [org.hib.SQL] (JPA Startup Thread) 
    &amp#27;[34mdrop&amp#27;[0m &amp#27;[34msequence&amp#27;[0m &amp#27;[34mif&amp#27;[0m &amp#27;[34mexists&amp#27;[0m vehicles_SEQ
&amp#27;[35m[Hibernate]&amp#27;[0m 
    &amp#27;[34mdrop&amp#27;[0m &amp#27;[34msequence&amp#27;[0m &amp#27;[34mif&amp#27;[0m &amp#27;[34mexists&amp#27;[0m vehicles_SEQ
2025-06-08 22:36:28,675 DEBUG [org.hib.SQL] (JPA Startup Thread) 
    &amp#27;[34mcreate&amp#27;[0m &amp#27;[34msequence&amp#27;[0m MyEntity_SEQ &amp#27;[34mstart&amp#27;[0m &amp#27;[34mwith&amp#27;[0m 1 &amp#27;[34mincrement&amp#27;[0m &amp#27;[34mby&amp#27;[0m 50
&amp#27;[35m[Hibernate]&amp#27;[0m 
    &amp#27;[34mcreate&amp#27;[0m &amp#27;[34msequence&amp#27;[0m MyEntity_SEQ &amp#27;[34mstart&amp#27;[0m &amp#27;[34mwith&amp#27;[0m 1 &amp#27;[34mincrement&amp#27;[0m &amp#27;[34mby&amp#27;[0m 50
2025-06-08 22:36:28,676 DEBUG [org.hib.SQL] (JPA Startup Thread) 
    &amp#27;[34mcreate&amp#27;[0m &amp#27;[34msequence&amp#27;[0m vehicles_SEQ &amp#27;[34mstart&amp#27;[0m &amp#27;[34mwith&amp#27;[0m 1 &amp#27;[34mincrement&amp#27;[0m &amp#27;[34mby&amp#27;[0m 50
&amp#27;[35m[Hibernate]&amp#27;[0m 
    &amp#27;[34mcreate&amp#27;[0m &amp#27;[34msequence&amp#27;[0m vehicles_SEQ &amp#27;[34mstart&amp#27;[0m &amp#27;[34mwith&amp#27;[0m 1 &amp#27;[34mincrement&amp#27;[0m &amp#27;[34mby&amp#27;[0m 50
2025-06-08 22:36:28,677 DEBUG [org.hib.SQL] (JPA Startup Thread) 
    &amp#27;[34mcreate&amp#27;[0m &amp#27;[34mtable&amp#27;[0m MyEntity (
        id &amp#27;[34mbigint&amp#27;[0m &amp#27;[34mnot&amp#27;[0m &amp#27;[34mnull&amp#27;[0m,
        field &amp#27;[34mvarchar&amp#27;[0m(255),
        &amp#27;[34mprimary&amp#27;[0m &amp#27;[34mkey&amp#27;[0m (id)
    )
&amp#27;[35m[Hibernate]&amp#27;[0m 
    &amp#27;[34mcreate&amp#27;[0m &amp#27;[34mtable&amp#27;[0m MyEntity (
        id &amp#27;[34mbigint&amp#27;[0m &amp#27;[34mnot&amp#27;[0m &amp#27;[34mnull&amp#27;[0m,
        field &amp#27;[34mvarchar&amp#27;[0m(255),
        &amp#27;[34mprimary&amp#27;[0m &amp#27;[34mkey&amp#27;[0m (id)
    )
2025-06-08 22:36:28,678 DEBUG [org.hib.SQL] (JPA Startup Thread) 
    &amp#27;[34mcreate&amp#27;[0m &amp#27;[34mtable&amp#27;[0m vehicles (
        entry_time &amp#27;[34mtimestamp&amp#27;[0m(6),
        exit_time &amp#27;[34mtimestamp&amp#27;[0m(6),
        id &amp#27;[34mbigint&amp#27;[0m &amp#27;[34mnot&amp#27;[0m &amp#27;[34mnull&amp#27;[0m,
        number &amp#27;[34mvarchar&amp#27;[0m(255) &amp#27;[34mnot&amp#27;[0m &amp#27;[34mnull&amp#27;[0m &amp#27;[34munique&amp#27;[0m,
        status enum (&amp#27;[36m'EXITED'&amp#27;[0m,&amp#27;[36m'PARKED'&amp#27;[0m) &amp#27;[34mnot&amp#27;[0m &amp#27;[34mnull&amp#27;[0m,
        type enum (&amp#27;[36m'BUS'&amp#27;[0m,&amp#27;[36m'MOTORCYCLE'&amp#27;[0m,&amp#27;[36m'PASSENGER'&amp#27;[0m,&amp#27;[36m'TRUCK'&amp#27;[0m) &amp#27;[34mnot&amp#27;[0m &amp#27;[34mnull&amp#27;[0m,
        &amp#27;[34mprimary&amp#27;[0m &amp#27;[34mkey&amp#27;[0m (id)
    )
&amp#27;[35m[Hibernate]&amp#27;[0m 
    &amp#27;[34mcreate&amp#27;[0m &amp#27;[34mtable&amp#27;[0m vehicles (
        entry_time &amp#27;[34mtimestamp&amp#27;[0m(6),
        exit_time &amp#27;[34mtimestamp&amp#27;[0m(6),
        id &amp#27;[34mbigint&amp#27;[0m &amp#27;[34mnot&amp#27;[0m &amp#27;[34mnull&amp#27;[0m,
        number &amp#27;[34mvarchar&amp#27;[0m(255) &amp#27;[34mnot&amp#27;[0m &amp#27;[34mnull&amp#27;[0m &amp#27;[34munique&amp#27;[0m,
        status enum (&amp#27;[36m'EXITED'&amp#27;[0m,&amp#27;[36m'PARKED'&amp#27;[0m) &amp#27;[34mnot&amp#27;[0m &amp#27;[34mnull&amp#27;[0m,
        type enum (&amp#27;[36m'BUS'&amp#27;[0m,&amp#27;[36m'MOTORCYCLE'&amp#27;[0m,&amp#27;[36m'PASSENGER'&amp#27;[0m,&amp#27;[36m'TRUCK'&amp#27;[0m) &amp#27;[34mnot&amp#27;[0m &amp#27;[34mnull&amp#27;[0m,
        &amp#27;[34mprimary&amp#27;[0m &amp#27;[34mkey&amp#27;[0m (id)
    )
2025-06-08 22:36:28,756 INFO  [io.quarkus] (main) code-with-quarkus 1.0.0-SNAPSHOT on JVM (powered by Quarkus 3.23.2) started in 2.236s. Listening on: http://localhost:8081
2025-06-08 22:36:28,756 INFO  [io.quarkus] (main) Profile test activated. 
2025-06-08 22:36:28,757 INFO  [io.quarkus] (main) Installed features: [agroal, cdi, compose, hibernate-orm, hibernate-orm-panache, hibernate-validator, jdbc-h2, jdbc-postgresql, narayana-jta, rest, rest-jackson, smallrye-context-propagation, smallrye-openapi, swagger-ui, vertx]
2025-06-08 22:36:28,979 DEBUG [org.hib.SQL] (main) 
    &amp#27;[34mdelete&amp#27;[0m 
    &amp#27;[34mfrom&amp#27;[0m
        vehicles v1_0
&amp#27;[35m[Hibernate]&amp#27;[0m 
    &amp#27;[34mdelete&amp#27;[0m 
    &amp#27;[34mfrom&amp#27;[0m
        vehicles v1_0
2025-06-08 22:36:29,053 DEBUG [org.hib.SQL] (main) 
    &amp#27;[34mselect&amp#27;[0m
        v1_0.id,
        v1_0.entry_time,
        v1_0.exit_time,
        v1_0.number,
        v1_0.status,
        v1_0.type 
    &amp#27;[34mfrom&amp#27;[0m
        vehicles v1_0 
    &amp#27;[34mwhere&amp#27;[0m
        v1_0.number=? 
        &amp#27;[34mand&amp#27;[0m v1_0.status=? 
    &amp#27;[34mfetch&amp#27;[0m
        first ? &amp#27;[34mrows&amp#27;[0m &amp#27;[34monly&amp#27;[0m
&amp#27;[35m[Hibernate]&amp#27;[0m 
    &amp#27;[34mselect&amp#27;[0m
        v1_0.id,
        v1_0.entry_time,
        v1_0.exit_time,
        v1_0.number,
        v1_0.status,
        v1_0.type 
    &amp#27;[34mfrom&amp#27;[0m
        vehicles v1_0 
    &amp#27;[34mwhere&amp#27;[0m
        v1_0.number=? 
        &amp#27;[34mand&amp#27;[0m v1_0.status=? 
    &amp#27;[34mfetch&amp#27;[0m
        first ? &amp#27;[34mrows&amp#27;[0m &amp#27;[34monly&amp#27;[0m
2025-06-08 22:36:29,072 DEBUG [org.hib.SQL] (main) 
    &amp#27;[34mselect&amp#27;[0m
        count(*) 
    &amp#27;[34mfrom&amp#27;[0m
        vehicles v1_0 
    &amp#27;[34mwhere&amp#27;[0m
        v1_0.status=?
&amp#27;[35m[Hibernate]&amp#27;[0m 
    &amp#27;[34mselect&amp#27;[0m
        count(*) 
    &amp#27;[34mfrom&amp#27;[0m
        vehicles v1_0 
    &amp#27;[34mwhere&amp#27;[0m
        v1_0.status=?
2025-06-08 22:36:29,076 DEBUG [org.hib.SQL] (main) 
    &amp#27;[34mselect&amp#27;[0m
        &amp#27;[34mnext&amp#27;[0m &amp#27;[34mvalue&amp#27;[0m &amp#27;[34mfor&amp#27;[0m vehicles_SEQ
&amp#27;[35m[Hibernate]&amp#27;[0m 
    &amp#27;[34mselect&amp#27;[0m
        &amp#27;[34mnext&amp#27;[0m &amp#27;[34mvalue&amp#27;[0m &amp#27;[34mfor&amp#27;[0m vehicles_SEQ
2025-06-08 22:36:29,086 DEBUG [org.hib.SQL] (main) 
    &amp#27;[34minsert&amp#27;[0m 
    &amp#27;[34minto&amp#27;[0m
        vehicles
        (entry_time, exit_time, number, status, type, id) 
    &amp#27;[34mvalues&amp#27;[0m
        (?, ?, ?, ?, ?, ?)
&amp#27;[35m[Hibernate]&amp#27;[0m 
    &amp#27;[34minsert&amp#27;[0m 
    &amp#27;[34minto&amp#27;[0m
        vehicles
        (entry_time, exit_time, number, status, type, id) 
    &amp#27;[34mvalues&amp#27;[0m
        (?, ?, ?, ?, ?, ?)
]]></system-out>
  </testcase>
</testsuite>